2025-10-31 23:30:54: Logged in
2025-10-31 23:30:55: No state found. Seeded last_id=4394. Use --seed to process recent posts.
2025-10-31 23:31:14: Logged in
2025-10-31 23:31:15: No new messages to process.
2025-11-01 17:00:01: Logged in
2025-11-01 17:00:01: Skipping 4395: no media
2025-11-01 17:00:01: Skipping 4396: no media
2025-11-01 17:00:01: Skipping 4397: no media
2025-11-01 17:00:01: Processing message 4398...
2025-11-01 17:00:10: Uploading to target channel 3130614830 with filename 2025-11-01.oga...
2025-11-01 17:00:23: Uploaded message 4398 -> target
2025-11-02 17:00:00: Logged in
2025-11-02 17:00:01: Skipping 4399: no media
2025-11-02 17:00:01: Skipping 4400: no media
2025-11-02 17:00:01: Skipping 4401: no media
2025-11-02 17:00:01: Processing message 4402...
2025-11-02 17:00:08: Uploading to target channel 3130614830 with filename 2025-11-02.oga...
2025-11-02 17:00:18: Uploaded message 4402 -> target
2025-11-03 17:00:01: Logged in
2025-11-03 17:00:01: Skipping 4403: no media
2025-11-03 17:00:01: Skipping 4404: no media
2025-11-03 17:00:01: Skipping 4405: no media
2025-11-03 17:00:01: Skipping 4406: no media
2025-11-03 17:00:01: Skipping 4407: no media
2025-11-03 17:00:01: Processing message 4408...
2025-11-03 17:00:12: Uploading to target channel 3130614830 with filename 2025-11-03.m4a...
2025-11-03 17:00:33: Uploaded message 4408 -> target
2025-11-03 17:00:33: Skipping 4409: no media
2025-11-04 17:00:00: Logged in
2025-11-04 17:00:01: Skipping 4410: no media
2025-11-04 17:00:01: Processing message 4411...
2025-11-04 17:00:36: Uploading to target channel 3130614830 with filename 2025-11-04.m4a...
2025-11-04 17:01:20: Uploaded message 4411 -> target
2025-11-04 17:01:20: Processing message 4412...
2025-11-04 17:01:23: Uploading to target channel 3130614830 with filename 2025-11-04.jpg...
2025-11-04 17:01:23: Uploaded message 4412 -> target
2025-11-05 17:00:01: Logged in
2025-11-05 17:00:01: Skipping 4413: no media
2025-11-05 17:00:01: Processing message 4414...
2025-11-05 17:00:50: Uploading to target channel 3130614830 with filename 2025-11-05.m4a...
2025-11-05 17:01:51: Uploaded message 4414 -> target
2025-11-06 17:00:00: Logged in
2025-11-06 17:00:01: Skipping 4415: no media
2025-11-06 17:00:01: Processing message 4416...
2025-11-06 17:00:44: Uploading to target channel 3130614830 with filename 2025-11-06.m4a...
2025-11-06 17:01:35: Uploaded message 4416 -> target
2025-11-07 17:00:01: Logged in
2025-11-07 17:00:01: Skipping 4417: no media
2025-11-07 17:00:01: 
2025-11-07 17:00:01: Processing message 4418...
2025-11-07 17:00:49: Uploading to target channel 3130614830 with filename 2025-11-07.m4a...
2025-11-07 17:01:57: Uploaded message 4418 -> target
2025-11-08 17:00:00: Logged in
2025-11-08 17:00:01: Skipping 4419: no media
2025-11-08 17:00:01: Processing message 4420...
2025-11-08 17:00:33: Uploading to target channel 3130614830 with filename 2025-11-08.m4a...
2025-11-08 17:01:16: Uploaded message 4420 -> target
2025-11-09 17:00:01: Logged in
2025-11-09 17:00:01: Skipping 4421: no media
2025-11-09 17:00:01: Processing message 4422...
2025-11-09 17:00:48: Uploading to target channel 3130614830 with filename 2025-11-09.m4a...
2025-11-09 17:01:46: Uploaded message 4422 -> target
2025-11-10 17:00:01: Logged in
2025-11-10 17:00:01: Processing message 4423...
2025-11-10 17:00:15: Uploading to target channel 3130614830 with filename 2025-11-10.m4a...
2025-11-10 17:00:39: Uploaded message 4423 -> target
2025-11-10 17:00:39: Skipping 4424: no media
2025-11-11 17:00:00: Logged in
2025-11-11 17:00:01: Skipping 4425: no media
2025-11-11 17:00:01: Skipping 4426: no media
2025-11-11 17:00:01: Processing message 4427...
2025-11-11 17:00:11: Uploading to target channel 3130614830 with filename 2025-11-11.oga...
2025-11-11 17:00:28: Uploaded message 4427 -> target
2025-11-11 17:00:28: Skipping 4428: no media
2025-11-12 17:00:00: Logged in
2025-11-12 17:00:01: Skipping 4429: no media
2025-11-12 17:00:01: Skipping 4430: no media
2025-11-12 17:00:01: Processing message 4432...
2025-11-12 17:00:07: Uploading to target channel 3130614830 with filename 2025-11-12.oga...
2025-11-12 17:00:17: Uploaded message 4432 -> target
2025-11-12 17:00:17: Skipping 4433: no media
2025-11-13 17:00:01: Logged in
2025-11-13 17:00:01: Skipping 4434: no media
2025-11-13 17:00:01: Skipping 4435: no media
2025-11-13 17:00:01: Skipping 4436: no media
2025-11-13 17:00:01: Processing message 4437...
2025-11-13 17:00:10: Uploading to target channel 3130614830 with filename 2025-11-13.oga...
2025-11-13 17:00:21: Uploaded message 4437 -> target
2025-11-14 17:00:00: Logged in
2025-11-14 17:00:01: Processing message 4438...
2025-11-14 17:00:03: Uploading to target channel 3130614830 with filename 2025-11-14.jpg...
2025-11-14 17:00:04: Uploaded message 4438 -> target
2025-11-14 17:00:04: Skipping 4439: no media
2025-11-14 17:00:04: Skipping 4440: no media
2025-11-14 17:00:04: Skipping 4441: no media
2025-11-14 17:00:04: Processing message 4442...
2025-11-14 17:00:11: Uploading to target channel 3130614830 with filename 2025-11-14.oga...
2025-11-14 17:00:23: Uploaded message 4442 -> target
2025-11-15 17:00:01: Logged in
2025-11-15 17:00:01: Skipping 4443: no media
2025-11-15 17:00:01: Skipping 4444: no media
2025-11-15 17:00:01: Skipping 4445: no media
2025-11-15 17:00:01: Processing message 4446...
2025-11-15 17:00:09: Uploading to target channel 3130614830 with filename 2025-11-15.oga...
2025-11-15 17:00:23: Uploaded message 4446 -> target
2025-11-16 17:00:00: Logged in
2025-11-16 17:00:01: Skipping 4447: no media
2025-11-16 17:00:01: Skipping 4448: no media
2025-11-16 17:00:01: Processing message 4449...
2025-11-16 17:00:38: Uploading to target channel 3130614830 with filename 2025-11-16.m4a...
2025-11-16 17:01:25: Uploaded message 4449 -> target
2025-11-17 17:00:00: Logged in
2025-11-17 17:00:01: Skipping 4450: no media
2025-11-17 17:00:01: Skipping 4451: no media
2025-11-17 17:00:01: Skipping 4452: no media
2025-11-17 17:00:01: Skipping 4453: no media
2025-11-17 17:00:01: Processing message 4454...
2025-11-17 17:00:12: Uploading to target channel 3130614830 with filename 2025-11-17.m4a...
2025-11-17 17:00:28: Uploaded message 4454 -> target
2025-11-18 17:00:00: Logged in
2025-11-18 17:00:01: Processing message 4455...
2025-11-18 17:00:03: Uploading to target channel 3130614830 with filename 2025-11-18.jpg...
2025-11-18 17:00:04: Uploaded message 4455 -> target
2025-11-18 17:00:04: Skipping 4456: no media
2025-11-18 17:00:04: Skipping 4457: no media
2025-11-18 17:00:04: Skipping 4458: no media
2025-11-18 17:00:04: Processing message 4459...
2025-11-18 17:00:10: Uploading to target channel 3130614830 with filename 2025-11-18.oga...
2025-11-18 17:00:20: Uploaded message 4459 -> target
2025-11-19 17:00:00: Logged in
2025-11-19 17:00:01: Skipping 4460: no media
2025-11-19 17:00:01: Skipping 4461: no media
2025-11-19 17:00:01: Skipping 4462: no media
2025-11-19 17:00:01: Processing message 4463...
2025-11-19 17:00:08: Uploading to target channel 3130614830 with filename 2025-11-19.oga...
2025-11-19 17:00:19: Uploaded message 4463 -> target
2025-11-20 17:00:01: Logged in
2025-11-20 17:00:01: Skipping 4464: no media
2025-11-20 17:00:01: Skipping 4465: no media
2025-11-20 17:00:01: Processing message 4466...
2025-11-20 17:00:01: Uploading to target channel 3130614830 with filename 2025-11-20.jpg...
2025-11-20 17:00:02: Uploaded message 4466 -> target
2025-11-20 17:00:02: Processing message 4467...
2025-11-20 17:00:02: Uploading to target channel 3130614830 with filename 2025-11-20.jpg...
2025-11-20 17:00:03: Uploaded message 4467 -> target
2025-11-20 17:00:03: Skipping 4468: no media
2025-11-20 17:00:03: Processing message 4469...
2025-11-20 17:00:03: Uploading to target channel 3130614830 with filename 2025-11-20.jpg...
2025-11-20 17:00:03: Uploaded message 4469 -> target
2025-11-20 17:00:03: Processing message 4470...
2025-11-20 17:00:04: Uploading to target channel 3130614830 with filename 2025-11-20.jpg...
2025-11-20 17:00:04: Uploaded message 4470 -> target
2025-11-20 17:00:04: Skipping 4471: no media
2025-11-20 17:00:04: Processing message 4472...
2025-11-20 17:00:04: Uploading to target channel 3130614830 with filename 2025-11-20.jpg...
2025-11-20 17:00:05: Uploaded message 4472 -> target
2025-11-20 17:00:05: Processing message 4473...
2025-11-20 17:00:05: Uploading to target channel 3130614830 with filename 2025-11-20.jpg...
2025-11-20 17:00:06: Uploaded message 4473 -> target
2025-11-20 17:00:06: Processing message 4474...
2025-11-20 17:00:06: Uploading to target channel 3130614830 with filename 2025-11-20.jpg...
2025-11-20 17:00:06: Uploaded message 4474 -> target
2025-11-20 17:00:06: Skipping 4475: no media
2025-11-20 17:00:06: Skipping 4476: no media
2025-11-20 17:00:06: Processing message 4477...
2025-11-20 17:00:16: Uploading to target channel 3130614830 with filename 2025-11-20.oga...
2025-11-20 17:00:28: Uploaded message 4477 -> target
2025-11-20 17:00:28: Skipping 4478: no media
2025-11-21 17:00:01: Logged in
2025-11-21 17:00:01: Skipping 4479: no media
2025-11-21 17:00:01: Skipping 4480: no media
2025-11-21 17:00:01: Processing message 4481...
2025-11-21 17:00:14: Uploading to target channel 3130614830 with filename 2025-11-21.oga...
2025-11-21 17:00:31: Uploaded message 4481 -> target
2025-11-21 17:00:31: Skipping 4482: no media
2025-11-21 17:00:31: Processing message 4485...
2025-11-21 17:00:34: Uploading to target channel 3130614830 with filename 2025-11-21.pdf...
2025-11-21 17:00:35: Uploaded message 4485 -> target
2025-11-22 17:00:00: Logged in
2025-11-22 17:00:01: Skipping 4486: no media
2025-11-22 17:00:01: Skipping 4487: no media
2025-11-22 17:00:01: Skipping 4488: no media
2025-11-22 17:00:01: Processing message 4489...
2025-11-22 17:00:08: Uploading to target channel 3130614830 with filename 2025-11-22.oga...
2025-11-22 17:00:08: 
2025-11-22 17:00:19: Uploaded message 4489 -> target
2025-11-23 17:00:00: Logged in
2025-11-23 17:00:01: Skipping 4490: no media
2025-11-23 17:00:01: Skipping 4491: no media
2025-11-23 17:00:01: Skipping 4492: no media
2025-11-23 17:00:01: Processing message 4493...
2025-11-23 17:00:06: Uploading to target channel 3130614830 with filename 2025-11-23.oga...
2025-11-23 17:00:15: Uploaded message 4493 -> target
2025-11-24 17:00:00: Logged in
2025-11-24 17:00:01: Skipping 4494: no media
2025-11-24 17:00:01: Skipping 4495: no media
2025-11-24 17:00:01: Skipping 4496: no media
2025-11-24 17:00:01: Skipping 4497: no media
2025-11-24 17:00:01: Processing message 4498...
2025-11-24 17:00:13: Uploading to target channel 3130614830 with filename 2025-11-24.m4a...
2025-11-24 17:00:29: Uploaded message 4498 -> target
2025-11-25 17:00:00: Logged in
2025-11-25 17:00:01: Skipping 4499: no media
2025-11-25 17:00:01: Skipping 4500: no media
2025-11-25 17:00:01: Skipping 4501: no media
2025-11-25 17:00:01: Processing message 4502...
2025-11-25 17:00:08: Uploading to target channel 3130614830 with filename 2025-11-25.oga...
2025-11-25 17:00:19: Uploaded message 4502 -> target
2025-11-25 17:00:19: Processing message 4503...
2025-11-25 17:00:22: Uploading to target channel 3130614830 with filename 2025-11-25.jpg...
2025-11-25 17:00:22: Uploaded message 4503 -> target
2025-11-26 17:00:00: Logged in
2025-11-26 17:00:01: Skipping 4504: no media
2025-11-26 17:00:01: Skipping 4505: no media
2025-11-26 17:00:01: Skipping 4506: no media
2025-11-26 17:00:01: Processing message 4507...
2025-11-26 17:00:08: Uploading to target channel 3130614830 with filename 2025-11-26.oga...
2025-11-26 17:00:20: Uploaded message 4507 -> target
2025-11-27 17:00:00: Logged in
2025-11-27 17:00:01: Skipping 4508: no media
2025-11-27 17:00:01: Skipping 4509: no media
2025-11-27 17:00:01: Skipping 4510: no media
2025-11-27 17:00:01: Processing message 4511...
2025-11-27 17:00:08: Uploading to target channel 3130614830 with filename 2025-11-27.oga...
2025-11-27 17:00:19: Uploaded message 4511 -> target
2025-11-28 17:00:00: Logged in
2025-11-28 17:00:01: Skipping 4512: no media
2025-11-28 17:00:01: Skipping 4513: no media
2025-11-28 17:00:01: Skipping 4514: no media
2025-11-28 17:00:01: Processing message 4515...
2025-11-28 17:00:08: Uploading to target channel 3130614830 with filename 2025-11-28.oga...
2025-11-28 17:00:18: Uploaded message 4515 -> target
2025-11-29 17:00:00: Logged in
2025-11-29 17:00:01: Skipping 4516: no media
2025-11-29 17:00:01: Skipping 4517: no media
2025-11-29 17:00:01: Skipping 4518: no media
2025-11-29 17:00:01: Processing message 4519...
2025-11-29 17:00:08: Uploading to target channel 3130614830 with filename 2025-11-29.oga...
2025-11-29 17:00:18: Uploaded message 4519 -> target
2025-11-30 17:00:00: Logged in
2025-11-30 17:00:01: Skipping 4520: no media
2025-11-30 17:00:01: Skipping 4521: no media
2025-11-30 17:00:01: Skipping 4522: no media
2025-11-30 17:00:01: Processing message 4523...
2025-11-30 17:00:07: Uploading to target channel 3130614830 with filename 2025-11-30.oga...
2025-11-30 17:00:18: Uploaded message 4523 -> target
2025-12-01 17:00:01: Logged in
2025-12-01 17:00:01: Skipping 4524: no media
2025-12-01 17:00:01: Skipping 4525: no media
2025-12-01 17:00:01: Skipping 4526: no media
2025-12-01 17:00:01: Processing message 4527...
2025-12-01 17:00:28: Uploading to target channel 3130614830 with filename 2025-12-01.m4a...
2025-12-01 17:01:02: Uploaded message 4527 -> target
2025-12-01 17:01:02: Processing message 4528...
2025-12-01 17:01:04: Uploading to target channel 3130614830 with filename 2025-12-01.jpg...
2025-12-01 17:01:05: Uploaded message 4528 -> target
2025-12-02 17:00:00: Logged in
2025-12-02 17:00:01: Skipping 4529: no media
2025-12-02 17:00:01: Skipping 4530: no media
2025-12-02 17:00:01: Processing message 4532...
2025-12-02 17:00:03: Uploading to target channel 3130614830 with filename 2025-12-02.jpg...
2025-12-02 17:00:03: Uploaded message 4532 -> target
2025-12-02 17:00:03: Skipping 4533: no media
2025-12-02 17:00:03: Processing message 4534...
2025-12-02 17:00:10: Uploading to target channel 3130614830 with filename 2025-12-02.oga...
2025-12-02 17:00:20: Uploaded message 4534 -> target
2025-12-03 17:00:02: Logged in
2025-12-03 17:00:03: Skipping 4535: no media
2025-12-03 17:00:03: Skipping 4536: no media
2025-12-03 17:00:03: Skipping 4537: no media
2025-12-03 17:00:03: Processing message 4538...
2025-12-03 17:00:12: Uploading to target channel 3130614830 with filename 2025-12-03.oga...
2025-12-03 17:00:24: Uploaded message 4538 -> target
2025-12-04 17:00:00: Logged in
2025-12-04 17:00:01: Skipping 4539: no media
2025-12-04 17:00:01: Skipping 4540: no media
2025-12-04 17:00:01: Skipping 4541: no media
2025-12-04 17:00:01: Processing message 4542...
2025-12-04 17:00:09: Uploading to target channel 3130614830 with filename 2025-12-04.oga...
2025-12-04 17:00:21: Uploaded message 4542 -> target
2025-12-05 17:00:00: Logged in
2025-12-05 17:00:01: Skipping 4543: no media
2025-12-05 17:00:01: Skipping 4544: no media
2025-12-05 17:00:01: Skipping 4545: no media
2025-12-05 17:00:01: Skipping 4546: no media
2025-12-05 17:00:01: Skipping 4547: no media
2025-12-05 17:00:01: Processing message 4548...
2025-12-05 17:00:07: Uploading to target channel 3130614830 with filename 2025-12-05.oga...
2025-12-05 17:00:17: Uploaded message 4548 -> target
2025-12-05 17:00:19: Skipping 4549: no media
2025-12-05 17:00:19: Skipping 4550: no media
2025-12-06 17:00:01: Logged in
2025-12-06 17:00:01: Skipping 4551: no media
2025-12-06 17:00:01: Skipping 4552: no media
2025-12-06 17:00:01: Skipping 4553: no media
2025-12-06 17:00:01: Processing message 4554...
2025-12-06 17:00:20: Uploading to target channel 3130614830 with filename 2025-12-06.oga...
2025-12-06 17:00:38: Uploaded message 4554 -> target
2025-12-07 17:00:00: Logged in
2025-12-07 17:00:01: No new messages to process.
2025-12-08 17:00:01: Logged in
2025-12-08 17:00:02: Skipping 4555: no media
2025-12-08 17:00:02: Skipping 4556: no media
2025-12-08 17:00:02: Skipping 4557: no media
2025-12-08 17:00:02: Processing message 4558...
2025-12-08 17:00:28: Uploading to target channel 3130614830 with filename 2025-12-08.m4a...
2025-12-08 17:01:08: Uploaded message 4558 -> target
2025-12-08 17:01:08: Skipping 4559: no media
2025-12-09 17:00:01: Logged in
2025-12-09 17:00:01: Skipping 4560: no media
2025-12-09 17:00:01: Skipping 4561: no media
2025-12-09 17:00:01: Processing message 4562...
2025-12-09 17:00:04: Uploading to target channel 3130614830 with filename 2025-12-09.jpg...
2025-12-09 17:00:04: Uploaded message 4562 -> target
2025-12-09 17:00:04: Skipping 4563: no media
2025-12-09 17:00:04: Processing message 4564...
2025-12-09 17:00:04: 
2025-12-09 17:00:10: Uploading to target channel 3130614830 with filename 2025-12-09.oga...
2025-12-09 17:00:20: Uploaded message 4564 -> target
2025-12-10 17:00:01: Logged in
2025-12-10 17:00:01: Skipping 4565: no media
2025-12-10 17:00:01: Skipping 4566: no media
2025-12-10 17:00:01: Skipping 4567: no media
2025-12-10 17:00:01: Processing message 4568...
2025-12-10 17:00:10: Uploading to target channel 3130614830 with filename 2025-12-10.oga...
2025-12-10 17:00:21: Uploaded message 4568 -> target
2025-12-11 17:00:01: Logged in
2025-12-11 17:00:01: Skipping 4569: no media
2025-12-11 17:00:01: Skipping 4570: no media
2025-12-11 17:00:01: Processing message 4571...
2025-12-11 17:00:01: Uploading to target channel 3130614830 with filename 2025-12-11.jpg...
2025-12-11 17:00:01: Uploaded message 4571 -> target
2025-12-11 17:00:01: Skipping 4572: no media
2025-12-11 17:00:01: Processing message 4573...
2025-12-11 17:00:09: Uploading to target channel 3130614830 with filename 2025-12-11.oga...
2025-12-11 17:00:19: Uploaded message 4573 -> target
2025-12-12 17:00:00: Logged in
2025-12-12 17:00:01: Skipping 4574: no media
2025-12-12 17:00:01: Skipping 4575: no media
2025-12-12 17:00:01: Skipping 4576: no media
2025-12-12 17:00:01: Processing message 4577...
2025-12-12 17:00:08: Uploading to target channel 3130614830 with filename 2025-12-12.oga...
2025-12-12 17:00:20: Uploaded message 4577 -> target
2025-12-13 17:00:00: Logged in
2025-12-13 17:00:01: Skipping 4578: no media
2025-12-13 17:00:01: Skipping 4579: no media
2025-12-13 17:00:01: Skipping 4580: no media
2025-12-13 17:00:01: Skipping 4581: no media
2025-12-13 17:00:01: Skipping 4582: no media
2025-12-13 17:00:01: Processing message 4583...
2025-12-13 17:00:09: Uploading to target channel 3130614830 with filename 2025-12-13.oga...
2025-12-13 17:00:20: Uploaded message 4583 -> target
2025-12-13 17:00:20: Skipping 4584: no media
2025-12-14 17:00:01: Logged in
2025-12-14 17:00:02: Skipping 4585: no media
2025-12-14 17:00:02: Skipping 4586: no media
2025-12-14 17:00:02: Skipping 4587: no media
2025-12-14 17:00:02: Processing message 4588...
2025-12-14 17:00:33: Uploading to target channel 3130614830 with filename 2025-12-14.oga...
2025-12-14 17:01:08: Uploaded message 4588 -> target
2025-12-15 17:00:00: Logged in
2025-12-15 17:00:01: Skipping 4589: no media
2025-12-15 17:00:01: Skipping 4590: no media
2025-12-15 17:00:01: Processing message 4591...
2025-12-15 17:00:12: Uploading to target channel 3130614830 with filename 2025-12-15.m4a...
2025-12-15 17:00:29: Uploaded message 4591 -> target
2025-12-16 17:00:01: Logged in
2025-12-16 17:00:01: Processing message 4592...
2025-12-16 17:00:04: Uploading to target channel 3130614830 with filename 2025-12-16.jpg...
2025-12-16 17:00:05: Uploaded message 4592 -> target
2025-12-16 17:00:05: Skipping 4593: no media
2025-12-16 17:00:05: Skipping 4594: no media
2025-12-16 17:00:05: Skipping 4595: no media
2025-12-16 17:00:05: Skipping 4596: no media
2025-12-16 17:00:05: Processing message 4597...
2025-12-16 17:00:20: Uploading to target channel 3130614830 with filename 2025-12-16.oga...
2025-12-16 17:00:46: Uploaded message 4597 -> target
2025-12-17 17:00:00: Logged in
2025-12-17 17:00:01: Skipping 4598: no media
2025-12-17 17:00:01: Skipping 4599: no media
2025-12-17 17:00:01: Skipping 4600: no media
2025-12-17 17:00:01: Processing message 4601...
2025-12-17 17:00:07: Uploading to target channel 3130614830 with filename 2025-12-17.oga...
2025-12-17 17:00:16: Uploaded message 4601 -> target
2025-12-18 17:00:01: Logged in
2025-12-18 17:00:01: Skipping 4602: no media
2025-12-18 17:00:01: 
2025-12-18 17:00:01: Skipping 4603: no media
2025-12-18 17:00:01: Skipping 4604: no media
2025-12-18 17:00:01: Processing message 4605...
2025-12-18 17:00:09: Uploading to target channel 3130614830 with filename 2025-12-18.oga...
2025-12-18 17:00:21: Uploaded message 4605 -> target
2025-12-19 17:00:00: Logged in
2025-12-19 17:00:01: Skipping 4606: no media
2025-12-19 17:00:01: Skipping 4607: no media
2025-12-19 17:00:01: Skipping 4608: no media
2025-12-19 17:00:01: Processing message 4609...
2025-12-19 17:00:07: Uploading to target channel 3130614830 with filename 2025-12-19.oga...
2025-12-19 17:00:16: Uploaded message 4609 -> target
2025-12-20 17:00:00: Logged in
2025-12-20 17:00:01: Skipping 4610: no media
2025-12-20 17:00:01: Skipping 4611: no media
2025-12-20 17:00:01: Skipping 4612: no media
2025-12-20 17:00:01: Processing message 4613...
2025-12-20 17:00:07: Uploading to target channel 3130614830 with filename 2025-12-20.oga...
2025-12-20 17:00:16: Uploaded message 4613 -> target
2025-12-21 17:00:00: Logged in
2025-12-21 17:00:01: Skipping 4614: no media
2025-12-21 17:00:01: Skipping 4615: no media
2025-12-21 17:00:01: Skipping 4616: no media
2025-12-21 17:00:01: Processing message 4617...
2025-12-21 17:00:07: Uploading to target channel 3130614830 with filename 2025-12-21.oga...
2025-12-21 17:00:17: Uploaded message 4617 -> target
2025-12-22 17:00:00: Logged in
2025-12-22 17:00:01: Skipping 4618: no media
2025-12-22 17:00:01: Processing message 4619...
2025-12-22 17:00:11: Uploading to target channel 3130614830 with filename 2025-12-22.m4a...
2025-12-22 17:00:26: Uploaded message 4619 -> target
2025-12-23 17:00:01: Logged in
2025-12-23 17:00:01: Processing message 4620...
2025-12-23 17:00:04: Uploading to target channel 3130614830 with filename 2025-12-23.jpg...
2025-12-23 17:00:04: Uploaded message 4620 -> target
2025-12-23 17:00:04: Skipping 4621: no media
2025-12-23 17:00:04: Skipping 4622: no media
2025-12-23 17:00:04: Skipping 4623: no media
2025-12-23 17:00:04: Processing message 4624...
2025-12-23 17:00:12: Uploading to target channel 3130614830 with filename 2025-12-23.oga...
2025-12-23 17:00:22: Uploaded message 4624 -> target
2025-12-24 17:00:00: Logged in
2025-12-24 17:00:01: Skipping 4625: no media
2025-12-24 17:00:01: Skipping 4626: no media
2025-12-24 17:00:01: Skipping 4627: no media
2025-12-24 17:00:01: Processing message 4628...
2025-12-24 17:00:08: Uploading to target channel 3130614830 with filename 2025-12-24.oga...
2025-12-24 17:00:17: Uploaded message 4628 -> target
2025-12-25 17:00:00: Logged in
2025-12-25 17:00:01: Skipping 4629: no media
2025-12-25 17:00:01: Skipping 4630: no media
2025-12-25 17:00:01: Skipping 4631: no media
2025-12-25 17:00:01: Processing message 4632...
2025-12-25 17:00:08: Uploading to target channel 3130614830 with filename 2025-12-25.oga...
2025-12-25 17:00:18: Uploaded message 4632 -> target
2025-12-26 17:00:00: Logged in
2025-12-26 17:00:01: Skipping 4633: no media
2025-12-26 17:00:01: Skipping 4634: no media
2025-12-26 17:00:01: Skipping 4635: no media
2025-12-26 17:00:01: Processing message 4636...
2025-12-26 17:00:07: Uploading to target channel 3130614830 with filename 2025-12-26.oga...
2025-12-26 17:00:15: Uploaded message 4636 -> target
2025-12-27 17:00:02: Logged in
2025-12-27 17:00:03: Skipping 4637: no media
2025-12-27 17:00:03: Skipping 4638: no media
2025-12-27 17:00:03: Skipping 4639: no media
2025-12-27 17:00:03: Processing message 4640...
2025-12-27 17:00:08: Uploading to target channel 3130614830 with filename 2025-12-27.oga...
2025-12-27 17:00:17: Uploaded message 4640 -> target
2025-12-28 17:00:00: Logged in
2025-12-28 17:00:01: Skipping 4641: no media
2025-12-28 17:00:01: Skipping 4642: no media
2025-12-28 17:00:01: Processing message 4644...
2025-12-28 17:00:04: Uploading to target channel 3130614830 with filename 2025-12-28.jpg...
2025-12-28 17:00:04: Uploaded message 4644 -> target
2025-12-28 17:00:04: Skipping 4645: no media
2025-12-28 17:00:04: Skipping 4646: no media
2025-12-28 17:00:04: Processing message 4647...
2025-12-28 17:00:12: Uploading to target channel 3130614830 with filename 2025-12-28.oga...
2025-12-28 17:00:22: Uploaded message 4647 -> target
2025-12-29 17:00:00: Logged in
2025-12-29 17:00:01: Skipping 4648: no media
2025-12-29 17:00:01: Processing message 4649...
2025-12-29 17:00:12: Uploading to target channel 3130614830 with filename 2025-12-29.m4a...
2025-12-29 17:00:31: Uploaded message 4649 -> target
2025-12-30 17:00:01: Logged in
2025-12-30 17:00:01: Skipping 4650: no media
2025-12-30 17:00:01: Skipping 4651: no media
2025-12-30 17:00:01: Skipping 4652: no media
2025-12-30 17:00:01: Skipping 4653: no media
2025-12-30 17:00:01: Processing message 4654...
2025-12-30 17:00:04: Uploading to target channel 3130614830 with filename 2025-12-30.jpg...
2025-12-30 17:00:05: Uploaded message 4654 -> target
2025-12-30 17:00:05: Skipping 4655: no media
2025-12-30 17:00:05: Processing message 4656...
2025-12-30 17:00:19: Uploading to target channel 3130614830 with filename 2025-12-30.oga...
2025-12-30 17:00:35: Uploaded message 4656 -> target
