2026-01-21 21:13:30: Logged in
2026-01-21 21:13:31: No new messages to process.
2026-01-21 21:16:13: Logged in
2026-01-21 21:16:14: No new messages to process.
2026-01-21 21:16:32: Logged in
2026-01-21 21:16:33: Skipping 4700: no media
2026-01-21 21:16:33: Skipping 4701: no media
2026-01-21 21:16:33: Skipping 4703: no media
2026-01-21 21:16:33: Skipping 4704: no media
2026-01-21 21:16:33: Skipping 4705: no media
2026-01-21 21:16:33: Skipping 4707: no media
2026-01-21 21:16:33: Skipping 4708: no media
2026-01-21 21:16:33: Skipping 4709: no media
2026-01-21 21:16:33: Processing message 4711...
2026-01-21 21:16:33: Uploading to target channel 3130614830 with filename 2026-01-11.jpg...
2026-01-21 21:16:34: Uploaded message 4711 -> target
2026-01-21 21:16:34: Processing message 4712...
2026-01-21 21:16:34: Uploading to target channel 3130614830 with filename 2026-01-11.jpg...
2026-01-21 21:16:34: Uploaded message 4712 -> target
2026-01-21 21:16:34: Processing message 4713...
2026-01-21 21:16:34: Uploading to target channel 3130614830 with filename 2026-01-11.jpg...
2026-01-21 21:16:35: Uploaded message 4713 -> target
2026-01-21 21:16:35: Processing message 4714...
2026-01-21 21:16:35: Uploading to target channel 3130614830 with filename 2026-01-11.jpg...
2026-01-21 21:16:35: Uploaded message 4714 -> target
2026-01-21 21:16:35: Processing message 4715...
2026-01-21 21:16:35: Uploading to target channel 3130614830 with filename 2026-01-11.jpg...
2026-01-21 21:16:36: Uploaded message 4715 -> target
2026-01-21 21:16:36: Processing message 4716...
2026-01-21 21:16:36: Uploading to target channel 3130614830 with filename 2026-01-11.jpg...
2026-01-21 21:16:36: Uploaded message 4716 -> target
2026-01-21 21:16:36: Processing message 4717...
2026-01-21 21:16:36: Uploading to target channel 3130614830 with filename 2026-01-11.jpg...
2026-01-21 21:16:37: Uploaded message 4717 -> target
2026-01-21 21:16:37: Processing message 4718...
2026-01-21 21:16:37: Uploading to target channel 3130614830 with filename 2026-01-11.jpg...
2026-01-21 21:16:37: Uploaded message 4718 -> target
2026-01-21 21:16:37: Skipping 4719: no media
2026-01-21 21:16:37: Skipping 4720: no media
2026-01-21 21:16:37: Skipping 4721: no media
2026-01-21 21:16:37: Skipping 4722: no media
2026-01-21 21:16:37: Processing message 4724...
2026-01-21 21:16:40: Uploading to target channel 3130614830 with filename 2026-01-13.jpg...
2026-01-21 21:16:40: Uploaded message 4724 -> target
2026-01-21 21:16:40: Skipping 4725: no media
2026-01-21 21:16:40: Skipping 4726: no media
2026-01-21 21:16:40: Processing message 4727...
2026-01-21 21:16:40: Uploading to target channel 3130614830 with filename 2026-01-13.jpg...
2026-01-21 21:16:41: Uploaded message 4727 -> target
2026-01-21 21:16:41: Skipping 4728: no media
2026-01-21 21:16:41: Skipping 4730: no media
2026-01-21 21:16:41: Skipping 4731: no media
2026-01-21 21:16:41: Skipping 4732: no media
2026-01-21 21:16:41: Skipping 4734: no media
2026-01-21 21:16:41: Skipping 4735: no media
2026-01-21 21:16:41: Skipping 4736: no media
2026-01-21 21:16:41: Skipping 4738: no media
2026-01-21 21:16:41: Skipping 4739: no media
2026-01-21 21:16:41: Skipping 4740: no media
2026-01-21 21:16:41: Skipping 4741: no media
2026-01-21 21:16:41: Processing message 4743...
2026-01-21 21:16:41: Uploading to target channel 3130614830 with filename 2026-01-16.jpg...
2026-01-21 21:16:42: Uploaded message 4743 -> target
2026-01-21 21:16:42: Skipping 4744: no media
2026-01-21 21:16:42: Skipping 4745: no media
2026-01-21 21:16:42: Processing message 4746...
2026-01-21 21:16:42: Uploading to target channel 3130614830 with filename 2026-01-17.jpg...
2026-01-21 21:16:43: Uploaded message 4746 -> target
2026-01-21 21:16:43: Processing message 4747...
2026-01-21 21:16:43: Uploading to target channel 3130614830 with filename 2026-01-17.jpg...
2026-01-21 21:16:44: Uploaded message 4747 -> target
2026-01-21 21:16:44: Processing message 4748...
2026-01-21 21:16:44: Uploading to target channel 3130614830 with filename 2026-01-17.jpg...
2026-01-21 21:16:44: Uploaded message 4748 -> target
2026-01-21 21:16:44: Skipping 4749: no media
2026-01-21 21:16:44: Skipping 4751: no media
2026-01-21 21:16:44: Skipping 4752: no media
2026-01-21 21:16:44: Skipping 4753: no media
2026-01-21 21:16:44: Skipping 4755: no media
2026-01-21 21:16:44: Skipping 4756: no media
2026-01-21 21:16:44: Skipping 4757: no media
2026-01-21 21:16:44: Processing message 4758...
2026-01-21 21:16:57: Uploading to target channel 3130614830 with filename 2026-01-19.m4a...
2026-01-21 21:16:57: 
2026-01-21 21:17:17: Uploaded message 4758 -> target
2026-01-21 21:17:20: Skipping 4759: no media
2026-01-21 21:17:20: Skipping 4760: no media
2026-01-21 21:17:20: Skipping 4761: no media
2026-01-21 21:17:20: Skipping 4762: no media
2026-01-21 21:17:20: Processing message 4763...
2026-01-21 21:17:28: Uploading to target channel 3130614830 with filename 2026-01-20.oga...
2026-01-21 21:17:40: Uploaded message 4763 -> target
2026-01-21 21:17:40: Processing message 4764...
2026-01-21 21:17:40: Uploading to target channel 3130614830 with filename 2026-01-20.jpg...
2026-01-21 21:17:41: Uploaded message 4764 -> target
2026-01-21 21:17:41: Processing message 4765...
2026-01-21 21:17:41: Uploading to target channel 3130614830 with filename 2026-01-21.jpg...
2026-01-21 21:17:42: Uploaded message 4765 -> target
2026-01-21 21:17:42: Skipping 4766: no media
2026-01-21 21:17:42: Skipping 4767: no media
2026-01-21 21:17:42: Skipping 4768: no media
2026-01-21 21:17:42: Processing message 4769...
2026-01-21 21:17:49: Uploading to target channel 3130614830 with filename 2026-01-21.oga...
2026-01-21 21:18:02: Uploaded message 4769 -> target
2026-01-21 21:18:02: Processing message 4770...
2026-01-21 21:18:02: Uploading to target channel 3130614830 with filename 2026-01-21.jpg...
2026-01-21 21:18:03: Uploaded message 4770 -> target
2026-01-21 21:18:38: Logged in
2026-01-21 21:18:38: No new messages to process.
2026-01-21 21:18:54: Logged in
2026-01-21 21:18:55: Processing message 4770...
2026-01-21 21:18:55: Uploading to target channel 3130614830 with filename 2026-01-21.jpg...
2026-01-21 21:18:55: Uploaded message 4770 -> target
2026-01-21 21:20:25: Logged in
2026-01-21 21:20:25: No new messages to process.
2026-01-22 17:00:02: Logged in
2026-01-22 17:00:02: Skipping 4771: no media
2026-01-22 17:00:02: Skipping 4772: no media
2026-01-22 17:00:02: Skipping 4773: no media
2026-01-22 17:00:02: Processing message 4774...
2026-01-22 17:00:08: Uploading to target channel 3130614830 with filename 2026-01-22.oga...
2026-01-22 17:00:08: 
2026-01-22 17:00:17: Uploaded message 4774 -> target
2026-01-22 17:00:17: 
2026-01-22 17:00:17: Skipping 4775: no media
2026-01-24 00:36:55: Logged in
2026-01-24 00:36:55: Skipping 4776: no media
2026-01-24 00:36:55: Skipping 4777: no media
2026-01-24 00:36:55: Skipping 4778: no media
2026-01-24 00:36:55: Processing message 4779...
2026-01-24 00:37:01: Uploading to target channel 3130614830 with filename 2026-01-23.oga...
2026-01-24 00:37:10: Uploaded message 4779 -> target
2026-01-24 17:00:01: Logged in
2026-01-24 17:00:01: Skipping 4780: no media
2026-01-24 17:00:01: Skipping 4781: no media
2026-01-24 17:00:01: Processing message 4782...
2026-01-24 17:00:01: Uploading to target channel 3130614830 with filename 2026-01-24.jpg...
2026-01-24 17:00:02: Uploaded message 4782 -> target
2026-01-24 17:00:02: Processing message 4783...
2026-01-24 17:00:02: Uploading to target channel 3130614830 with filename 2026-01-24.jpg...
2026-01-24 17:00:03: Uploaded message 4783 -> target
2026-01-24 17:00:03: Processing message 4784...
2026-01-24 17:00:03: Uploading to target channel 3130614830 with filename 2026-01-24.jpg...
2026-01-24 17:00:04: Uploaded message 4784 -> target
2026-01-24 17:00:04: Skipping 4785: no media
2026-01-24 17:00:04: Processing message 4786...
2026-01-24 17:00:12: Uploading to target channel 3130614830 with filename 2026-01-24.oga...
2026-01-24 17:00:24: Uploaded message 4786 -> target
2026-01-26 00:56:01: Logged in
2026-01-26 00:56:02: Skipping 4787: no media
2026-01-26 00:56:02: Skipping 4788: no media
2026-01-26 00:56:02: Skipping 4789: no media
2026-01-26 00:56:02: Skipping 4790: no media
2026-01-26 00:56:02: Processing message 4791...
2026-01-26 00:56:06: Uploading to target channel 3130614830 with filename 2026-01-25.oga...
2026-01-26 00:56:12: Uploaded message 4791 -> target
2026-01-26 17:00:00: Logged in
2026-01-26 17:00:01: Skipping 4792: no media
2026-01-26 17:00:01: Skipping 4793: no media
2026-01-26 17:00:01: Processing message 4794...
2026-01-26 17:00:07: Uploading to target channel 3130614830 with filename 2026-01-26.mp4...
2026-01-26 17:00:16: Uploaded message 4794 -> target
2026-01-26 17:00:16: Skipping 4795: no media
2026-01-26 17:00:16: Processing message 4796...
2026-01-26 17:00:26: Uploading to target channel 3130614830 with filename 2026-01-26.m4a...
2026-01-26 17:00:43: Uploaded message 4796 -> target
2026-01-27 17:00:01: Logged in
2026-01-27 17:00:01: Processing message 4797...
2026-01-27 17:00:04: Uploading to target channel 3130614830 with filename 2026-01-26.jpg...
2026-01-27 17:00:04: Uploaded message 4797 -> target
2026-01-27 17:00:04: Skipping 4798: no media
2026-01-27 17:00:04: Skipping 4799: no media
2026-01-27 17:00:04: Skipping 4800: no media
2026-01-27 17:00:04: Processing message 4801...
2026-01-27 17:00:22: Uploading to target channel 3130614830 with filename 2026-01-27.oga...
2026-01-27 17:00:36: Uploaded message 4801 -> target
2026-01-27 17:00:36: Processing message 4802...
2026-01-27 17:00:36: Uploading to target channel 3130614830 with filename 2026-01-27.jpg...
2026-01-27 17:00:36: Uploaded message 4802 -> target
2026-01-28 17:00:00: Logged in
2026-01-28 17:00:01: Skipping 4803: no media
2026-01-28 17:00:01: Skipping 4804: no media
2026-01-28 17:00:01: Skipping 4805: no media
2026-01-28 17:00:01: Processing message 4806...
2026-01-28 17:00:06: Uploading to target channel 3130614830 with filename 2026-01-28.oga...
2026-01-28 17:00:15: Uploaded message 4806 -> target
2026-02-13 18:13:53: Logged in
2026-02-13 18:13:53: Skipping 4807: no media
2026-02-13 18:13:53: Skipping 4808: no media
2026-02-13 18:13:53: Processing message 4809...
2026-02-13 18:13:53: Uploading to target channel 3130614830 with filename 2026-01-29.jpg...
2026-02-13 18:13:53: Uploaded message 4809 -> target
2026-02-13 18:13:53: Skipping 4810: no media
2026-02-13 18:13:53: Skipping 4812: no media
2026-02-13 18:13:53: Skipping 4813: no media
2026-02-13 18:13:53: Skipping 4814: no media
2026-02-13 18:13:53: Processing message 4816...
2026-02-13 18:13:53: Uploading to target channel 3130614830 with filename 2026-01-31.jpg...
2026-02-13 18:13:54: Uploaded message 4816 -> target
2026-02-13 18:13:54: Skipping 4817: no media
2026-02-13 18:13:54: Skipping 4818: no media
2026-02-13 18:13:54: Skipping 4819: no media
2026-02-13 18:13:54: Skipping 4821: no media
2026-02-13 18:13:54: Skipping 4822: no media
2026-02-13 18:13:54: Processing message 4824...
2026-02-13 18:13:56: Uploading to target channel 3130614830 with filename 2026-02-01.jpg...
2026-02-13 18:13:57: Uploaded message 4824 -> target
2026-02-13 18:13:57: Skipping 4825: no media
2026-02-13 18:13:57: Skipping 4827: no media
2026-02-13 18:13:57: Skipping 4828: no media
2026-02-13 18:13:57: Skipping 4829: no media
2026-02-13 18:13:57: Skipping 4830: no media
2026-02-13 18:13:57: Skipping 4831: no media
2026-02-13 18:13:57: Skipping 4832: no media
2026-02-13 18:13:57: Skipping 4833: no media
2026-02-13 18:13:57: Processing message 4835...
2026-02-13 18:13:57: Uploading to target channel 3130614830 with filename 2026-02-04.jpg...
2026-02-13 18:13:57: Uploaded message 4835 -> target
2026-02-13 18:13:57: Skipping 4836: no media
2026-02-13 18:13:57: Skipping 4837: no media
2026-02-13 18:13:57: Skipping 4838: no media
2026-02-13 18:13:57: Skipping 4840: no media
2026-02-13 18:13:57: Skipping 4841: no media
2026-02-13 18:13:57: Skipping 4842: no media
2026-02-13 18:13:57: Processing message 4843...
2026-02-13 18:14:01: Uploading to target channel 3130614830 with filename 2026-02-05.mp4...
2026-02-13 18:14:06: Uploaded message 4843 -> target
2026-02-13 18:14:06: Skipping 4844: no media
2026-02-13 18:14:06: Processing message 4845...
2026-02-13 18:14:18: Uploading to target channel 3130614830 with filename 2026-02-05.mp4...
2026-02-13 18:14:33: Uploaded message 4845 -> target
2026-02-13 18:14:33: Skipping 4846: no media
2026-02-13 18:14:33: Skipping 4847: no media
2026-02-13 18:14:33: Skipping 4849: no media
2026-02-13 18:14:33: Skipping 4850: no media
2026-02-13 18:14:33: Skipping 4851: no media
2026-02-13 18:14:33: Processing message 4852...
2026-02-13 18:14:34: Uploading to target channel 3130614830 with filename 2026-02-06.jpg...
2026-02-13 18:14:34: Uploaded message 4852 -> target
2026-02-13 18:14:34: Skipping 4853: no media
2026-02-13 18:14:34: Skipping 4854: no media
2026-02-13 18:14:34: Processing message 4855...
2026-02-13 18:14:34: Uploading to target channel 3130614830 with filename 2026-02-06.jpg...
2026-02-13 18:14:35: Uploaded message 4855 -> target
2026-02-13 18:14:35: Processing message 4856...
2026-02-13 18:14:35: Uploading to target channel 3130614830 with filename 2026-02-06.jpg...
2026-02-13 18:14:35: Uploaded message 4856 -> target
2026-02-13 18:14:35: Skipping 4857: no media
2026-02-13 18:14:35: Skipping 4858: no media
2026-02-13 18:14:35: Processing message 4860...
2026-02-13 18:14:35: Uploading to target channel 3130614830 with filename 2026-02-06.jpg...
2026-02-13 18:14:36: Uploaded message 4860 -> target
2026-02-13 18:14:36: Processing message 4861...
2026-02-13 18:14:36: Uploading to target channel 3130614830 with filename 2026-02-06.jpg...
2026-02-13 18:14:36: Uploaded message 4861 -> target
2026-02-13 18:14:36: Processing message 4862...
2026-02-13 18:14:36: Uploading to target channel 3130614830 with filename 2026-02-06.jpg...
2026-02-13 18:14:37: Uploaded message 4862 -> target
2026-02-13 18:14:37: Processing message 4863...
2026-02-13 18:14:37: Uploading to target channel 3130614830 with filename 2026-02-06.jpg...
2026-02-13 18:14:37: Uploaded message 4863 -> target
2026-02-13 18:14:37: Skipping 4864: no media
2026-02-13 18:14:37: Skipping 4865: no media
2026-02-13 18:14:37: Skipping 4866: no media
2026-02-13 18:14:37: Skipping 4868: no media
2026-02-13 18:14:37: Skipping 4869: no media
2026-02-13 18:14:37: Skipping 4870: no media
2026-02-13 18:14:37: Skipping 4872: no media
2026-02-13 18:14:37: Processing message 4873...
2026-02-13 18:14:37: Uploading to target channel 3130614830 with filename 2026-02-08.jpg...
2026-02-13 18:14:37: Uploaded message 4873 -> target
2026-02-13 18:14:37: Processing message 4874...
2026-02-13 18:14:37: Uploading to target channel 3130614830 with filename 2026-02-08.jpg...
2026-02-13 18:14:38: Uploaded message 4874 -> target
2026-02-13 18:14:38: Processing message 4875...
2026-02-13 18:14:38: Uploading to target channel 3130614830 with filename 2026-02-08.jpg...
2026-02-13 18:14:38: Uploaded message 4875 -> target
2026-02-13 18:14:38: Processing message 4876...
2026-02-13 18:14:38: Uploading to target channel 3130614830 with filename 2026-02-08.jpg...
2026-02-13 18:14:38: Uploaded message 4876 -> target
2026-02-13 18:14:38: Processing message 4877...
2026-02-13 18:14:39: Uploading to target channel 3130614830 with filename 2026-02-08.jpg...
2026-02-13 18:14:39: Uploaded message 4877 -> target
2026-02-13 18:14:39: Skipping 4878: no media
2026-02-13 18:14:39: Skipping 4879: no media
2026-02-13 18:14:39: Skipping 4880: no media
2026-02-13 18:14:39: Skipping 4881: no media
2026-02-13 18:14:39: Processing message 4883...
2026-02-13 18:14:39: Uploading to target channel 3130614830 with filename 2026-02-10.jpg...
2026-02-13 18:14:39: Uploaded message 4883 -> target
2026-02-13 18:14:39: Skipping 4884: no media
2026-02-13 18:14:39: Skipping 4885: no media
2026-02-13 18:14:39: Skipping 4886: no media
2026-02-13 18:14:39: Processing message 4888...
2026-02-13 18:14:40: Uploading to target channel 3130614830 with filename 2026-02-10.jpg...
2026-02-13 18:14:40: Uploaded message 4888 -> target
2026-02-13 18:14:40: Skipping 4889: no media
2026-02-13 18:14:40: Skipping 4890: no media
2026-02-13 18:14:40: Skipping 4892: no media
2026-02-13 18:14:40: Skipping 4893: no media
2026-02-13 18:14:40: Skipping 4894: no media
2026-02-13 18:14:40: Skipping 4895: no media
2026-02-13 18:14:40: Skipping 4897: no media
2026-02-13 18:14:40: Skipping 4898: no media
2026-02-13 18:14:40: Skipping 4899: no media
2026-02-13 18:14:40: Processing message 4900...
2026-02-13 18:14:47: Uploading to target channel 3130614830 with filename 2026-02-13.oga...
2026-02-13 18:14:57: Uploaded message 4900 -> target
2026-02-14 17:00:00: Logged in
2026-02-14 17:00:01: Skipping 4901: no media
2026-02-14 17:00:01: Skipping 4902: no media
2026-02-14 17:00:01: Processing message 4903...
2026-02-14 17:00:39: Uploading to target channel 3130614830 with filename 2026-02-14.m4a...
2026-02-14 17:01:35: Uploaded message 4903 -> target
2026-02-15 17:00:01: Logged in
2026-02-15 17:00:01: Skipping 4904: no media
2026-02-15 17:00:01: Skipping 4905: no media
2026-02-15 17:00:01: Skipping 4906: no media
2026-02-15 17:00:01: Processing message 4907...
2026-02-15 17:00:01: 
2026-02-15 17:00:09: Uploading to target channel 3130614830 with filename 2026-02-15.oga...
2026-02-15 17:00:24: Uploaded message 4907 -> target
2026-02-16 17:00:01: Logged in
2026-02-16 17:00:01: Skipping 4908: no media
2026-02-16 17:00:01: Skipping 4909: no media
2026-02-16 17:00:01: Skipping 4910: no media
2026-02-16 17:00:01: Processing message 4911...
2026-02-16 17:00:01: Uploading to target channel 3130614830 with filename 2026-02-16.jpg...
2026-02-16 17:00:02: Uploaded message 4911 -> target
2026-02-16 17:00:02: Skipping 4912: no media
2026-02-16 17:00:02: Skipping 4913: no media
2026-02-16 17:00:02: Processing message 4914...
2026-02-16 17:00:13: Uploading to target channel 3130614830 with filename 2026-02-16.m4a...
2026-02-16 17:00:27: Uploaded message 4914 -> target
2026-02-17 17:00:00: Logged in
2026-02-17 17:00:01: Processing message 4915...
2026-02-17 17:00:01: Uploading to target channel 3130614830 with filename 2026-02-16.jpg...
2026-02-17 17:00:01: Uploaded message 4915 -> target
2026-02-17 17:00:01: Skipping 4916: no media
2026-02-17 17:00:01: Processing message 4917...
2026-02-17 17:00:04: Uploading to target channel 3130614830 with filename 2026-02-17.jpg...
2026-02-17 17:00:04: Uploaded message 4917 -> target
2026-02-17 17:00:04: Skipping 4918: no media
2026-02-17 17:00:04: Skipping 4919: no media
2026-02-17 17:00:04: Skipping 4920: no media
2026-02-17 17:00:04: Processing message 4921...
2026-02-17 17:00:13: Uploading to target channel 3130614830 with filename 2026-02-17.oga...
2026-02-17 17:00:24: Uploaded message 4921 -> target
2026-02-18 17:00:01: Logged in
2026-02-18 17:00:01: Skipping 4922: no media
2026-02-18 17:00:01: Skipping 4923: no media
2026-02-18 17:00:01: Skipping 4924: no media
2026-02-18 17:00:01: Processing message 4925...
2026-02-18 17:00:07: Uploading to target channel 3130614830 with filename 2026-02-18.oga...
2026-02-18 17:00:17: Uploaded message 4925 -> target
2026-02-18 17:00:17: Processing message 4926...
2026-02-18 17:00:17: Uploading to target channel 3130614830 with filename 2026-02-18.jpg...
2026-02-18 17:00:17: Uploaded message 4926 -> target
2026-02-18 17:00:17: Processing message 4927...
2026-02-18 17:00:17: Uploading to target channel 3130614830 with filename 2026-02-18.jpg...
2026-02-18 17:00:18: Uploaded message 4927 -> target
2026-02-19 17:00:00: Logged in
2026-02-19 17:00:01: Skipping 4928: no media
2026-02-19 17:00:01: Skipping 4929: no media
2026-02-19 17:00:01: Skipping 4930: no media
2026-02-19 17:00:01: Processing message 4931...
2026-02-19 17:00:07: Uploading to target channel 3130614830 with filename 2026-02-19.oga...
2026-02-19 17:00:16: Uploaded message 4931 -> target
2026-02-20 17:00:01: Logged in
2026-02-20 17:00:01: Skipping 4932: no media
2026-02-20 17:00:01: Skipping 4933: no media
2026-02-20 17:00:01: Skipping 4934: no media
2026-02-20 17:00:01: Processing message 4935...
2026-02-20 17:00:10: Uploading to target channel 3130614830 with filename 2026-02-20.oga...
2026-02-20 17:00:22: Uploaded message 4935 -> target
2026-02-21 17:00:01: Logged in
2026-02-21 17:00:01: Skipping 4936: no media
2026-02-21 17:00:01: Skipping 4937: no media
2026-02-21 17:00:01: Skipping 4938: no media
2026-02-21 17:00:01: Processing message 4939...
2026-02-21 17:00:08: Uploading to target channel 3130614830 with filename 2026-02-21.oga...
2026-02-21 17:00:17: Uploaded message 4939 -> target
2026-02-22 17:00:01: Logged in
2026-02-22 17:00:01: Skipping 4940: no media
2026-02-22 17:00:01: Skipping 4941: no media
2026-02-22 17:00:01: Skipping 4942: no media
2026-02-22 17:00:01: Processing message 4943...
2026-02-22 17:00:10: Uploading to target channel 3130614830 with filename 2026-02-22.oga...
2026-02-22 17:00:22: Uploaded message 4943 -> target
2026-02-23 17:00:00: Logged in
2026-02-23 17:00:01: Skipping 4944: no media
2026-02-23 17:00:01: Skipping 4945: no media
2026-02-23 17:00:01: Processing message 4946...
2026-02-23 17:00:12: Uploading to target channel 3130614830 with filename 2026-02-23.m4a...
2026-02-23 17:00:28: Uploaded message 4946 -> target
2026-02-24 17:00:00: Logged in
2026-02-24 17:00:01: Processing message 4947...
2026-02-24 17:00:03: Uploading to target channel 3130614830 with filename 2026-02-23.jpg...
2026-02-24 17:00:03: Uploaded message 4947 -> target
2026-02-24 17:00:03: Skipping 4948: no media
2026-02-24 17:00:03: Skipping 4949: no media
2026-02-24 17:00:03: Processing message 4950...
2026-02-24 17:00:38: Uploading to target channel 3130614830 with filename 2026-02-24.m4a...
2026-02-24 17:01:20: Uploaded message 4950 -> target
2026-02-25 17:00:00: Logged in
2026-02-25 17:00:01: Skipping 4951: no media
2026-02-25 17:00:01: Processing message 4952...
2026-02-25 17:00:34: Uploading to target channel 3130614830 with filename 2026-02-25.m4a...
2026-02-25 17:01:14: Uploaded message 4952 -> target
2026-02-25 17:01:14: Processing message 4953...
2026-02-25 17:01:15: Uploading to target channel 3130614830 with filename 2026-02-25.jpg...
2026-02-25 17:01:15: Uploaded message 4953 -> target
2026-02-25 17:01:15: Processing message 4954...
2026-02-25 17:01:16: Uploading to target channel 3130614830 with filename 2026-02-25.jpg...
2026-02-25 17:01:16: Uploaded message 4954 -> target
2026-02-25 17:01:16: Skipping 4955: no media
2026-02-25 17:01:16: Skipping 4956: no media
2026-02-25 17:01:16: Skipping 4957: no media
2026-02-26 17:00:01: Logged in
2026-02-26 17:00:01: Skipping 4958: no media
2026-02-26 17:00:01: Processing message 4959...
2026-02-26 17:00:47: Uploading to target channel 3130614830 with filename 2026-02-26.m4a...
2026-02-26 17:01:44: Uploaded message 4959 -> target
2026-02-27 17:00:00: Logged in
2026-02-27 17:00:01: Skipping 4960: no media
2026-02-27 17:00:01: Processing message 4961...
2026-02-27 17:00:35: Uploading to target channel 3130614830 with filename 2026-02-27.m4a...
2026-02-27 17:01:16: Uploaded message 4961 -> target
2026-02-28 17:00:00: Logged in
2026-02-28 17:00:01: Skipping 4962: no media
2026-02-28 17:00:01: Processing message 4963...
2026-02-28 17:00:49: Uploading to target channel 3130614830 with filename 2026-02-28.m4a...
2026-02-28 17:01:36: Uploaded message 4963 -> target
2026-03-01 17:00:00: Logged in
2026-03-01 17:00:01: Skipping 4964: no media
2026-03-01 17:00:01: Processing message 4965...
2026-03-01 17:00:38: Uploading to target channel 3130614830 with filename 2026-03-01.m4a...
2026-03-01 17:01:28: Uploaded message 4965 -> target
2026-03-02 17:00:00: Logged in
2026-03-02 17:00:01: Processing message 4966...
2026-03-02 17:00:01: Uploading to target channel 3130614830 with filename 2026-03-02.jpg...
2026-03-02 17:00:01: Uploaded message 4966 -> target
2026-03-02 17:00:01: Skipping 4969: no media
2026-03-02 17:00:01: Processing message 4970...
2026-03-02 17:00:12: Uploading to target channel 3130614830 with filename 2026-03-02.m4a...
2026-03-02 17:00:29: Uploaded message 4970 -> target
2026-03-02 17:00:29: Processing message 4971...
2026-03-02 17:00:30: Uploading to target channel 3130614830 with filename 2026-03-02.mp4...
2026-03-02 17:00:32: Uploaded message 4971 -> target
2026-03-03 12:40:01: Logged in
2026-03-03 12:40:01: Processing message 4973...
2026-03-03 12:40:04: Uploading to target channel 3130614830 with filename 2026-03-03.jpg...
2026-03-03 12:40:04: Uploaded message 4973 -> target
2026-03-03 12:40:04: Skipping 4974: no media
2026-03-03 12:40:04: Processing message 4975...
2026-03-03 12:40:13: Uploading to target channel 3130614830 with filename 2026-03-03.m4a...
2026-03-03 12:40:26: Uploaded message 4975 -> target
