2025-10-29 17:05:53: (node:15271) [DEP0060] DeprecationWarning: The `util._extend` API is deprecated. Please use Object.assign() instead.
2025-10-29 17:05:53: (Use `node --trace-deprecation ...` to show where the warning was created)
2025-10-29 17:05:53: (node:15271) [DEP0040] DeprecationWarning: The `punycode` module is deprecated. Please use a userland alternative instead.
2025-10-29 17:07:04: [downloader stderr] Traceback (most recent call last):
2025-10-29 17:07:04: 
2025-10-29 17:07:04: [downloader stderr]   File "/home/nisch/Desktop/Satsangfetcher/downloader.py", line 3, in <module>
2025-10-29 17:07:04:     from telethon import TelegramClient, types, functions
2025-10-29 17:07:04: ModuleNotFoundError: No module named 'telethon'
2025-10-29 17:07:04: 
2025-10-29 17:09:29: TelegramError: 409: Conflict: terminated by other getUpdates request; make sure that only one bot instance is running
2025-10-29 17:09:29:     at Telegram.callApi (/home/nisch/Desktop/Satsangfetcher/node_modules/telegraf/lib/core/network/client.js:315:19)
2025-10-29 17:09:29:     at process.processTicksAndRejections (node:internal/process/task_queues:105:5)
2025-10-29 17:09:29:     at async [Symbol.asyncIterator] (/home/nisch/Desktop/Satsangfetcher/node_modules/telegraf/lib/core/network/polling.js:30:33)
2025-10-29 17:09:29:     at async Polling.loop (/home/nisch/Desktop/Satsangfetcher/node_modules/telegraf/lib/core/network/polling.js:73:30)
2025-10-29 17:09:29:     at async Telegraf.launch (/home/nisch/Desktop/Satsangfetcher/node_modules/telegraf/lib/telegraf.js:194:13) {
2025-10-29 17:09:29:   response: {
2025-10-29 17:09:29:     ok: false,
2025-10-29 17:09:29:     error_code: 409,
2025-10-29 17:09:29:     description: 'Conflict: terminated by other getUpdates request; make sure that only one bot instance is running'
2025-10-29 17:09:29:   },
2025-10-29 17:09:29:   on: {
2025-10-29 17:09:29:     method: 'getUpdates',
2025-10-29 17:09:29:     payload: { timeout: 50, offset: 993656685, allowed_updates: [] }
2025-10-29 17:09:29:   }
2025-10-29 17:09:29: }
2025-10-29 17:27:12: (node:50171) [DEP0060] DeprecationWarning: The `util._extend` API is deprecated. Please use Object.assign() instead.
2025-10-29 17:27:12: (Use `node --trace-deprecation ...` to show where the warning was created)
2025-10-29 17:27:12: (node:50171) [DEP0040] DeprecationWarning: The `punycode` module is deprecated. Please use a userland alternative instead.
2025-10-29 17:27:42: [downloader stderr] Traceback (most recent call last):
2025-10-29 17:27:42:   File "/home/nisch/Desktop/Satsangfetcher/downloader.py", line 3, in <module>
2025-10-29 17:27:42: 
2025-10-29 17:27:42: [downloader stderr]     from telethon import TelegramClient, types, functions, utils  # <-- utils helps with extensions
2025-10-29 17:27:42:     ^^^^^^^^^^^^^^^^^^^^^^^^^^^^^^^^^^^^^^^^^^^^^^^^^^^^^^^^^^^^
2025-10-29 17:27:42: ModuleNotFoundError: No module named 'telethon'
2025-10-29 17:27:42: 
2025-10-29 17:28:38: [downloader stderr] Traceback (most recent call last):
2025-10-29 17:28:38:   File "/home/nisch/Desktop/Satsangfetcher/downloader.py", line 3, in <module>
2025-10-29 17:28:38: 
2025-10-29 17:28:38: [downloader stderr]     from telethon import TelegramClient, types, functions, utils  # <-- utils helps with extensions
2025-10-29 17:28:38:     ^^^^^^^^^^^^^^^^^^^^^^^^^^^^^^^^^^^^^^^^^^^^^^^^^^^^^^^^^^^^
2025-10-29 17:28:38: ModuleNotFoundError: No module named 'telethon'
2025-10-29 17:28:38: 
2025-10-29 17:32:05: (node:58172) [DEP0060] DeprecationWarning: The `util._extend` API is deprecated. Please use Object.assign() instead.
2025-10-29 17:32:05: (Use `node --trace-deprecation ...` to show where the warning was created)
2025-10-29 17:32:05: (node:58172) [DEP0040] DeprecationWarning: The `punycode` module is deprecated. Please use a userland alternative instead.
2025-10-31 23:30:54: (node:882758) [DEP0060] DeprecationWarning: The `util._extend` API is deprecated. Please use Object.assign() instead.
2025-10-31 23:30:54: (Use `node --trace-deprecation ...` to show where the warning was created)
2025-10-31 23:30:54: (node:882758) [DEP0040] DeprecationWarning: The `punycode` module is deprecated. Please use a userland alternative instead.
2025-10-31 23:31:16: (node:883439) [DEP0060] DeprecationWarning: The `util._extend` API is deprecated. Please use Object.assign() instead.
2025-10-31 23:31:16: (Use `node --trace-deprecation ...` to show where the warning was created)
2025-10-31 23:31:16: (node:883439) [DEP0040] DeprecationWarning: The `punycode` module is deprecated. Please use a userland alternative instead.
2025-11-18 20:16:26: [error] exception OperationalError: database is locked
2025-11-18 20:16:31: [downloader stderr] Traceback (most recent call last):
2025-11-18 20:16:31:   File "/home/nisch/Desktop/Satsangfetcher/downloader.py", line 269, in <module>
2025-11-18 20:16:31:     asyncio.run(main())
2025-11-18 20:16:31:   File "/usr/lib/python3.11/asyncio/runners.py", line 190, in run
2025-11-18 20:16:31: 
2025-11-18 20:16:31: [downloader stderr]     return runner.run(main)
2025-11-18 20:16:31:            ^^^^^^^^^^^^^^^^
2025-11-18 20:16:31: 
2025-11-18 20:16:32: [downloader stderr]   File "/usr/lib/python3.11/asyncio/runners.py", line 118, in run
2025-11-18 20:16:32:     return self._loop.run_until_complete(task)
2025-11-18 20:16:32:            ^^^^^^^^^^^^^^^^^^^^^^^^^^^^^^^^^^^
2025-11-18 20:16:32:   File "/usr/lib/python3.11/asyncio/base_events.py", line 653, in run_until_complete
2025-11-18 20:16:32: 
2025-11-18 20:16:32: [downloader stderr]     return future.result()
2025-11-18 20:16:32:            ^^^^^^^^^^^^^^^
2025-11-18 20:16:32:   File "/home/nisch/Desktop/Satsangfetcher/downloader.py", line 266, in main
2025-11-18 20:16:32: 
2025-11-18 20:16:32: [downloader stderr]     await client.disconnect()
2025-11-18 20:16:32:   File "/home/nisch/Desktop/Satsangfetcher/.venv/lib/python3.11/site-packages/telethon/client/telegrambaseclient.py", line 735, in _disconnect_coro
2025-11-18 20:16:32: 
2025-11-18 20:16:32: [downloader stderr]     self._save_states_and_entities()
2025-11-18 20:16:32: 
2025-11-18 20:16:32: [downloader stderr]   File "/home/nisch/Desktop/Satsangfetcher/.venv/lib/python3.11/site-packages/telethon/client/telegrambaseclient.py", line 700, in _save_states_and_entities
2025-11-18 20:16:32: 
2025-11-18 20:16:32: [downloader stderr]     self.session.set_update_state(0, types.updates.State(**ss, unread_count=0))
2025-11-18 20:16:32: 
2025-11-18 20:16:32: [downloader stderr]   File "/home/nisch/Desktop/Satsangfetcher/.venv/lib/python3.11/site-packages/telethon/sessions/sqlite.py", line 214, in set_update_state
2025-11-18 20:16:32: 
2025-11-18 20:16:32: [downloader stderr]     self._execute('insert or replace into update_state values (?,?,?,?,?)',
2025-11-18 20:16:32:   File "/home/nisch/Desktop/Satsangfetcher/.venv/lib/python3.11/site-packages/telethon/sessions/sqlite.py", line 253, in _execute
2025-11-18 20:16:32:     return c.execute(stmt, values).fetchone()
2025-11-18 20:16:32: 
2025-11-18 20:16:32: [downloader stderr]            ^^^^^^^^^^^^^^^^^^^^^^^
2025-11-18 20:16:32: sqlite3.OperationalError: database is locked
2025-11-18 20:16:32: 
2025-11-18 20:16:38: [error] exception OperationalError: database is locked
2025-11-18 20:16:43: [downloader stderr] Traceback (most recent call last):
2025-11-18 20:16:43:   File "/home/nisch/Desktop/Satsangfetcher/downloader.py", line 269, in <module>
2025-11-18 20:16:43: 
2025-11-18 20:16:43: [downloader stderr]     asyncio.run(main())
2025-11-18 20:16:43:   File "/usr/lib/python3.11/asyncio/runners.py", line 190, in run
2025-11-18 20:16:43: 
2025-11-18 20:16:43: [downloader stderr]     return runner.run(main)
2025-11-18 20:16:43: 
2025-11-18 20:16:43: [downloader stderr]            ^^^^^^^^^^^^^^^^
2025-11-18 20:16:43:   File "/usr/lib/python3.11/asyncio/runners.py", line 118, in run
2025-11-18 20:16:43: 
2025-11-18 20:16:43: [downloader stderr]     return self._loop.run_until_complete(task)
2025-11-18 20:16:43:            ^^^^^^^^^^^^^^^^^^^^^^^^^^^^^^^^^^^
2025-11-18 20:16:43:   File "/usr/lib/python3.11/asyncio/base_events.py", line 653, in run_until_complete
2025-11-18 20:16:43: 
2025-11-18 20:16:43: [downloader stderr]     return future.result()
2025-11-18 20:16:43:            ^^^^^^^^^^^^^^^
2025-11-18 20:16:43:   File "/home/nisch/Desktop/Satsangfetcher/downloader.py", line 266, in main
2025-11-18 20:16:43:     await client.disconnect()
2025-11-18 20:16:43:   File "/home/nisch/Desktop/Satsangfetcher/.venv/lib/python3.11/site-packages/telethon/client/telegrambaseclient.py", line 735, in _disconnect_coro
2025-11-18 20:16:43: 
2025-11-18 20:16:43: [downloader stderr]     self._save_states_and_entities()
2025-11-18 20:16:43:   File "/home/nisch/Desktop/Satsangfetcher/.venv/lib/python3.11/site-packages/telethon/client/telegrambaseclient.py", line 700, in _save_states_and_entities
2025-11-18 20:16:43: 
2025-11-18 20:16:43: [downloader stderr]     self.session.set_update_state(0, types.updates.State(**ss, unread_count=0))
2025-11-18 20:16:43: 
2025-11-18 20:16:43: [downloader stderr]   File "/home/nisch/Desktop/Satsangfetcher/.venv/lib/python3.11/site-packages/telethon/sessions/sqlite.py", line 214, in set_update_state
2025-11-18 20:16:43: 
2025-11-18 20:16:43: [downloader stderr]     self._execute('insert or replace into update_state values (?,?,?,?,?)',
2025-11-18 20:16:43:   File "/home/nisch/Desktop/Satsangfetcher/.venv/lib/python3.11/site-packages/telethon/sessions/sqlite.py", line 253, in _execute
2025-11-18 20:16:43:     return c.execute(stmt, values).fetchone()
2025-11-18 20:16:43:            ^^^^^^^^^^^^^^^^^^^^^^^
2025-11-18 20:16:43: sqlite3.OperationalError: database is locked
2025-11-18 20:16:43: 
2025-11-18 20:16:50: [error] exception OperationalError: database is locked
2025-11-18 20:16:55: [downloader stderr] Traceback (most recent call last):
2025-11-18 20:16:55: 
2025-11-18 20:16:55: [downloader stderr]   File "/home/nisch/Desktop/Satsangfetcher/downloader.py", line 269, in <module>
2025-11-18 20:16:55:     asyncio.run(main())
2025-11-18 20:16:55:   File "/usr/lib/python3.11/asyncio/runners.py", line 190, in run
2025-11-18 20:16:55:     return runner.run(main)
2025-11-18 20:16:55:            ^^^^^^^^^^^^^^^^
2025-11-18 20:16:55:   File "/usr/lib/python3.11/asyncio/runners.py", line 118, in run
2025-11-18 20:16:55:     return self._loop.run_until_complete(task)
2025-11-18 20:16:55:            ^^^^^^^^^^^^^^^^^^^^^^^^^^^^^^^^^^^
2025-11-18 20:16:55:   File "/usr/lib/python3.11/asyncio/base_events.py", line 653, in run_until_complete
2025-11-18 20:16:55:     return future.result()
2025-11-18 20:16:55:            ^^^^^^^^^^^^^^^
2025-11-18 20:16:55:   File "/home/nisch/Desktop/Satsangfetcher/downloader.py", line 266, in main
2025-11-18 20:16:55:     await client.disconnect()
2025-11-18 20:16:55:   File "/home/nisch/Desktop/Satsangfetcher/.venv/lib/python3.11/site-packages/telethon/client/telegrambaseclient.py", line 735, in _disconnect_coro
2025-11-18 20:16:55:     self._save_states_and_entities()
2025-11-18 20:16:55:   File "/home/nisch/Desktop/Satsangfetcher/.venv/lib/python3.11/site-packages/telethon/client/telegrambaseclient.py", line 700, in _save_states_and_entities
2025-11-18 20:16:55:     self.session.set_update_state(0, types.updates.State(**ss, unread_count=0))
2025-11-18 20:16:55:   File "/home/nisch/Desktop/Satsangfetcher/.venv/lib/python3.11/site-packages/telethon/sessions/sqlite.py", line 214, in set_update_state
2025-11-18 20:16:55:     self._execute('insert or replace into update_state values (?,?,?,?,?)',
2025-11-18 20:16:55:   File "/home/nisch/Desktop/Satsangfetcher/.venv/lib/python3.11/site-packages/telethon/sessions/sqlite.py", line 253, in _execute
2025-11-18 20:16:55:     return c.execute(stmt, values).fetchone()
2025-11-18 20:16:55:            ^^^^^^^^^^^^^^^^^^^^^^^
2025-11-18 20:16:55: sqlite3.OperationalError: database is locked
2025-11-18 20:16:55: 
2025-11-18 20:18:35: [error] exception OperationalError: database is locked
2025-11-18 20:18:40: [downloader stderr] Traceback (most recent call last):
2025-11-18 20:18:40:   File "/home/nisch/Desktop/Satsangfetcher/downloader.py", line 269, in <module>
2025-11-18 20:18:40: 
2025-11-18 20:18:40: [downloader stderr]     asyncio.run(main())
2025-11-18 20:18:40:   File "/usr/lib/python3.11/asyncio/runners.py", line 190, in run
2025-11-18 20:18:40: 
2025-11-18 20:18:40: [downloader stderr]     return runner.run(main)
2025-11-18 20:18:40: 
2025-11-18 20:18:40: [downloader stderr]            ^^^^^^^^^^^^^^^^
2025-11-18 20:18:40:   File "/usr/lib/python3.11/asyncio/runners.py", line 118, in run
2025-11-18 20:18:40: 
2025-11-18 20:18:40: [downloader stderr]     return self._loop.run_until_complete(task)
2025-11-18 20:18:40:            ^^^^^^^^^^^^^^^^^^^^^^^^^^^^^^^^^^^
2025-11-18 20:18:40:   File "/usr/lib/python3.11/asyncio/base_events.py", line 653, in run_until_complete
2025-11-18 20:18:40: 
2025-11-18 20:18:40: [downloader stderr]     return future.result()
2025-11-18 20:18:40:            ^^^^^^^^^^^^^^^
2025-11-18 20:18:40:   File "/home/nisch/Desktop/Satsangfetcher/downloader.py", line 266, in main
2025-11-18 20:18:40:     await client.disconnect()
2025-11-18 20:18:40:   File "/home/nisch/Desktop/Satsangfetcher/.venv/lib/python3.11/site-packages/telethon/client/telegrambaseclient.py", line 735, in _disconnect_coro
2025-11-18 20:18:40:     self._save_states_and_entities()
2025-11-18 20:18:40: 
2025-11-18 20:18:40: [downloader stderr]   File "/home/nisch/Desktop/Satsangfetcher/.venv/lib/python3.11/site-packages/telethon/client/telegrambaseclient.py", line 700, in _save_states_and_entities
2025-11-18 20:18:40: 
2025-11-18 20:18:40: [downloader stderr]     self.session.set_update_state(0, types.updates.State(**ss, unread_count=0))
2025-11-18 20:18:40:   File "/home/nisch/Desktop/Satsangfetcher/.venv/lib/python3.11/site-packages/telethon/sessions/sqlite.py", line 214, in set_update_state
2025-11-18 20:18:40: 
2025-11-18 20:18:40: [downloader stderr]     self._execute('insert or replace into update_state values (?,?,?,?,?)',
2025-11-18 20:18:40:   File "/home/nisch/Desktop/Satsangfetcher/.venv/lib/python3.11/site-packages/telethon/sessions/sqlite.py", line 253, in _execute
2025-11-18 20:18:40: 
2025-11-18 20:18:40: [downloader stderr]     return c.execute(stmt, values).fetchone()
2025-11-18 20:18:40: 
2025-11-18 20:18:40: [downloader stderr]            ^^^^^^^^^^^^^^^^^^^^^^^
2025-11-18 20:18:40: sqlite3.OperationalError: database is locked
2025-11-18 20:18:40: 
2025-11-18 20:18:46: [error] exception OperationalError: database is locked
