2025-10-29 17:05:52: [dotenv@17.2.3] injecting env (7) from .env -- tip: ⚙️  specify custom .env file path with { path: '/custom/path/.env' }
2025-10-29 17:05:53: Server listening on http://127.0.0.1:4000
2025-10-29 17:07:03: [bot] preflight for https://t.me/c/1773081661/4380
2025-10-29 17:07:04: [spawn] python downloader.py --link https://t.me/c/1773081661/4380 --outdir /home/nisch/Desktop/Satsangfetcher/downloads --preflight
2025-10-29 17:07:04: [bot] starting download for https://t.me/c/1773081661/4380
2025-10-29 17:07:04: [spawn] python downloader.py --link https://t.me/c/1773081661/4380 --outdir /home/nisch/Desktop/Satsangfetcher/downloads
2025-10-29 17:07:05: [process close] 1
2025-10-29 17:27:11: [dotenv@17.2.3] injecting env (7) from .env -- tip: 🔐 encrypt with Dotenvx: https://dotenvx.com
2025-10-29 17:27:12: Server listening on http://127.0.0.1:4000
2025-10-29 17:27:41: [bot] preflight for https://t.me/c/1843778443/469
2025-10-29 17:27:41: [spawn] python downloader.py --link https://t.me/c/1843778443/469 --outdir /home/nisch/Desktop/Satsangfetcher/downloads --preflight
2025-10-29 17:27:42: [bot] starting download for https://t.me/c/1843778443/469
2025-10-29 17:27:42: [spawn] python downloader.py --link https://t.me/c/1843778443/469 --outdir /home/nisch/Desktop/Satsangfetcher/downloads
2025-10-29 17:27:42: [process close] 1
2025-10-29 17:28:37: [bot] preflight for https://t.me/c/1843778443/469
2025-10-29 17:28:37: [spawn] python downloader.py --link https://t.me/c/1843778443/469 --outdir /home/nisch/Desktop/Satsangfetcher/downloads --preflight
2025-10-29 17:28:38: [bot] starting download for https://t.me/c/1843778443/469
2025-10-29 17:28:38: [spawn] python downloader.py --link https://t.me/c/1843778443/469 --outdir /home/nisch/Desktop/Satsangfetcher/downloads
2025-10-29 17:28:38: [process close] 1
2025-10-29 17:32:02: Bot polling started
2025-10-29 17:32:04: [dotenv@17.2.3] injecting env (0) from .env -- tip: ⚙️  suppress all logs with { quiet: true }
2025-10-29 17:32:05: [dotenv@17.2.3] injecting env (0) from .env -- tip: ⚙️  suppress all logs with { quiet: true }
2025-10-29 17:32:05: Server listening on http://127.0.0.1:4000
2025-10-29 17:32:35: [bot] preflight for https://t.me/c/1843778443/469
2025-10-29 17:32:36: [spawn] python downloader.py --link https://t.me/c/1843778443/469 --outdir /home/nisch/Desktop/Satsangfetcher/downloads --preflight
2025-10-29 17:32:38: [bot] starting download for https://t.me/c/1843778443/469
2025-10-29 17:32:38: [spawn] python downloader.py --link https://t.me/c/1843778443/469 --outdir /home/nisch/Desktop/Satsangfetcher/downloads
2025-10-29 17:32:39: [done] path: /home/nisch/Desktop/Satsangfetcher/downloads/North American Youth Activities/North American Youth Activities_469.jpg size: 117112
2025-10-29 17:32:39: [upload] sending North American Youth Activities_469.jpg to chat 1173474906
2025-10-29 17:32:39: [process close] 0
2025-10-29 17:32:39: [progress] 100% 0.1MB/0.1MB
2025-10-29 17:36:13: [bot] preflight for https://t.me/c/1843778443/469
2025-10-29 17:36:13: [spawn] python downloader.py --link https://t.me/c/1843778443/469 --outdir /home/nisch/Desktop/Satsangfetcher/downloads --preflight
2025-10-29 17:36:15: [bot] starting download for https://t.me/c/1843778443/469
2025-10-29 17:36:15: [spawn] python downloader.py --link https://t.me/c/1843778443/469 --outdir /home/nisch/Desktop/Satsangfetcher/downloads
2025-10-29 17:36:17: [done] path: /home/nisch/Desktop/Satsangfetcher/downloads/North American Youth Activities/North American Youth Activities_469.jpg size: 117112
2025-10-29 17:36:17: [upload] sending North American Youth Activities_469.jpg to chat 1173474906
2025-10-29 17:36:17: [progress] 100% 0.1MB/0.1MB
2025-10-29 17:36:17: [process close] 0
2025-10-29 17:43:52: [bot] preflight for https://t.me/BhajanGanga1/420
2025-10-29 17:43:52: [spawn] python downloader.py --link https://t.me/BhajanGanga1/420 --outdir /home/nisch/Desktop/Satsangfetcher/downloads --preflight
2025-10-29 17:43:54: [bot] starting download for https://t.me/BhajanGanga1/420
2025-10-29 17:43:54: [spawn] python downloader.py --link https://t.me/BhajanGanga1/420 --outdir /home/nisch/Desktop/Satsangfetcher/downloads
2025-10-29 17:43:55: [progress] 2.2% 0.5MB/22.2MB
2025-10-29 17:43:57: [progress] 13.5% 3.0MB/22.2MB
2025-10-29 17:43:59: [progress] 24.7% 5.5MB/22.2MB
2025-10-29 17:44:00: [progress] 36% 8.0MB/22.2MB
2025-10-29 17:44:02: [progress] 47.2% 10.5MB/22.2MB
2025-10-29 17:44:04: [progress] 58.4% 13.0MB/22.2MB
2025-10-29 17:44:05: [progress] 69.7% 15.5MB/22.2MB
2025-10-29 17:44:07: [progress] 80.9% 18.0MB/22.2MB
2025-10-29 17:44:08: [progress] 92.1% 20.5MB/22.2MB
2025-10-29 17:44:09: [done] path: /home/nisch/Desktop/Satsangfetcher/downloads/BhajanGanga1/Hilode Chade re.mp3 size: 23327902
2025-10-29 17:44:09: [upload] sending Hilode Chade re.mp3 to chat 958994194
2025-10-29 17:44:10: [process close] 0
2025-10-29 17:44:10: [progress] 100% 22.2MB/22.2MB
2025-10-29 17:46:44: [bot] preflight for https://t.me/c/1773081661/4380
2025-10-29 17:46:44: [spawn] python downloader.py --link https://t.me/c/1773081661/4380 --outdir /home/nisch/Desktop/Satsangfetcher/downloads --preflight
2025-10-29 17:46:46: [bot] starting download for https://t.me/c/1773081661/4380
2025-10-29 17:46:46: [spawn] python downloader.py --link https://t.me/c/1773081661/4380 --outdir /home/nisch/Desktop/Satsangfetcher/downloads
2025-10-29 17:46:47: [progress] 4.7% 0.5MB/10.6MB
2025-10-29 17:46:48: [progress] 18.9% 2.0MB/10.6MB
2025-10-29 17:46:49: [progress] 33.1% 3.5MB/10.6MB
2025-10-29 17:46:50: [progress] 47.3% 5.0MB/10.6MB
2025-10-29 17:46:51: [progress] 61.5% 6.5MB/10.6MB
2025-10-29 17:46:52: [progress] 75.7% 8.0MB/10.6MB
2025-10-29 17:46:53: [progress] 89.9% 9.5MB/10.6MB
2025-10-29 17:46:54: [done] path: /home/nisch/Desktop/Satsangfetcher/downloads/Brahma naa sange/record.ogg size: 11080685
2025-10-29 17:46:54: [upload] sending record.ogg to chat 1173474906
2025-10-29 17:46:54: [progress] 100% 10.6MB/10.6MB
2025-10-29 17:46:54: [process close] 0
2025-10-31 23:30:52: Bot polling started
2025-10-31 23:30:54: [dotenv@17.2.3] injecting env (0) from .env -- tip: ⚙️  write to custom object with { processEnv: myObject }
2025-10-31 23:30:54: Server listening on http://127.0.0.1:4000
2025-10-31 23:31:13: Bot polling started
2025-10-31 23:31:15: [dotenv@17.2.3] injecting env (0) from .env -- tip: ⚙️  specify custom .env file path with { path: '/custom/path/.env' }
2025-10-31 23:31:16: Server listening on http://127.0.0.1:4000
2025-11-18 20:11:28: [bot] preflight for https://t.me/c/2427866900/556
2025-11-18 20:11:29: [spawn] python downloader.py --link https://t.me/c/2427866900/556 --outdir /home/nisch/Desktop/Satsangfetcher/downloads --preflight
2025-11-18 20:11:30: [bot] starting download for https://t.me/c/2427866900/556
2025-11-18 20:11:30: [spawn] python downloader.py --link https://t.me/c/2427866900/556 --outdir /home/nisch/Desktop/Satsangfetcher/downloads
2025-11-18 20:11:32: [progress] 1% 0.5MB/47.8MB
2025-11-18 20:11:35: [progress] 11.5% 5.5MB/47.8MB
2025-11-18 20:11:38: [progress] 22% 10.5MB/47.8MB
2025-11-18 20:11:42: [progress] 32.4% 15.5MB/47.8MB
2025-11-18 20:11:46: [progress] 42.9% 20.5MB/47.8MB
2025-11-18 20:11:49: [progress] 53.3% 25.5MB/47.8MB
2025-11-18 20:11:52: [progress] 63.8% 30.5MB/47.8MB
2025-11-18 20:11:56: [progress] 74.3% 35.5MB/47.8MB
2025-11-18 20:11:59: [progress] 84.7% 40.5MB/47.8MB
2025-11-18 20:12:02: [progress] 95.2% 45.5MB/47.8MB
2025-11-18 20:12:04: [done] path: /home/nisch/Desktop/Satsangfetcher/downloads/Daily Prāptino Vichār/Day 9.mp4 size: 50122329
2025-11-18 20:12:04: [upload] sending Day 9.mp4 to chat 6605982946
2025-11-18 20:12:09: [progress] 100% 47.8MB/47.8MB
2025-11-18 20:12:09: [process close] 0
2025-11-18 20:15:10: [bot] preflight for https://t.me/c/2427866900/523
2025-11-18 20:15:11: [spawn] python downloader.py --link https://t.me/c/2427866900/523 --outdir /home/nisch/Desktop/Satsangfetcher/downloads --preflight
2025-11-18 20:15:12: [bot] starting download for https://t.me/c/2427866900/523
2025-11-18 20:15:12: [spawn] python downloader.py --link https://t.me/c/2427866900/523 --outdir /home/nisch/Desktop/Satsangfetcher/downloads
2025-11-18 20:15:14: [progress] 1.2% 0.5MB/43.4MB
2025-11-18 20:15:17: [progress] 11.5% 5.0MB/43.4MB
2025-11-18 20:15:20: [progress] 21.9% 9.5MB/43.4MB
2025-11-18 20:15:22: [progress] 32.2% 14.0MB/43.4MB
2025-11-18 20:15:25: [bot] preflight for https://t.me/c/2427866900/527
2025-11-18 20:15:25: [progress] 42.6% 18.5MB/43.4MB
2025-11-18 20:15:25: [spawn] python downloader.py --link https://t.me/c/2427866900/527 --outdir /home/nisch/Desktop/Satsangfetcher/downloads --preflight
2025-11-18 20:15:28: [progress] 52.9% 23.0MB/43.4MB
2025-11-18 20:15:31: [progress] 63.3% 27.5MB/43.4MB
2025-11-18 20:15:34: [progress] 73.7% 32.0MB/43.4MB
2025-11-18 20:15:36: [bot] starting download for https://t.me/c/2427866900/527
2025-11-18 20:15:36: [spawn] python downloader.py --link https://t.me/c/2427866900/527 --outdir /home/nisch/Desktop/Satsangfetcher/downloads
2025-11-18 20:15:37: [progress] 84% 36.5MB/43.4MB
2025-11-18 20:15:40: [progress] 94.4% 41.0MB/43.4MB
2025-11-18 20:15:41: [done] path: /home/nisch/Desktop/Satsangfetcher/downloads/Daily Prāptino Vichār/Day 1.mp4 size: 45550547
2025-11-18 20:15:41: [upload] sending Day 1.mp4 to chat 6605982946
2025-11-18 20:15:42: [progress] 100% 43.4MB/43.4MB
2025-11-18 20:15:42: [process close] 0
2025-11-18 20:15:42: [progress] 1.3% 0.5MB/38.4MB
2025-11-18 20:15:45: [progress] 11.7% 4.5MB/38.4MB
2025-11-18 20:15:48: [progress] 22.1% 8.5MB/38.4MB
2025-11-18 20:15:51: [progress] 32.5% 12.5MB/38.4MB
2025-11-18 20:15:54: [progress] 42.9% 16.5MB/38.4MB
2025-11-18 20:15:57: [progress] 53.3% 20.5MB/38.4MB
2025-11-18 20:15:59: [progress] 63.7% 24.5MB/38.4MB
2025-11-18 20:15:59: [bot] preflight for https://t.me/c/2427866900/531
2025-11-18 20:16:00: [spawn] python downloader.py --link https://t.me/c/2427866900/531 --outdir /home/nisch/Desktop/Satsangfetcher/downloads --preflight
2025-11-18 20:16:02: [progress] 74.2% 28.5MB/38.4MB
2025-11-18 20:16:05: [progress] 84.6% 32.5MB/38.4MB
2025-11-18 20:16:07: [progress] 95% 36.5MB/38.4MB
2025-11-18 20:16:08: [done] path: /home/nisch/Desktop/Satsangfetcher/downloads/Daily Prāptino Vichār/record _online-video-cutter.com_.mp4 size: 40298566
2025-11-18 20:16:08: [upload] sending record _online-video-cutter.com_.mp4 to chat 6605982946
2025-11-18 20:16:09: [progress] 100% 38.4MB/38.4MB
2025-11-18 20:16:09: [process close] 0
2025-11-18 20:16:09: [bot] starting download for https://t.me/c/2427866900/531
2025-11-18 20:16:09: [spawn] python downloader.py --link https://t.me/c/2427866900/531 --outdir /home/nisch/Desktop/Satsangfetcher/downloads
2025-11-18 20:16:09: [bot] preflight for https://t.me/c/2427866900/535
2025-11-18 20:16:09: [spawn] python downloader.py --link https://t.me/c/2427866900/535 --outdir /home/nisch/Desktop/Satsangfetcher/downloads --preflight
2025-11-18 20:16:11: [progress] 1.1% 0.5MB/47.3MB
2025-11-18 20:16:16: [progress] 11.6% 5.5MB/47.3MB
2025-11-18 20:16:21: [progress] 22.2% 10.5MB/47.3MB
2025-11-18 20:16:21: [bot] starting download for https://t.me/c/2427866900/535
2025-11-18 20:16:21: [spawn] python downloader.py --link https://t.me/c/2427866900/535 --outdir /home/nisch/Desktop/Satsangfetcher/downloads
2025-11-18 20:16:21: [bot] preflight for https://t.me/c/2427866900/539
2025-11-18 20:16:21: [spawn] python downloader.py --link https://t.me/c/2427866900/539 --outdir /home/nisch/Desktop/Satsangfetcher/downloads --preflight
2025-11-18 20:16:25: [progress] 32.8% 15.5MB/47.3MB
2025-11-18 20:16:31: [progress] 43.3% 20.5MB/47.3MB
2025-11-18 20:16:32: [process close] 1
2025-11-18 20:16:32: [bot] starting download for https://t.me/c/2427866900/539
2025-11-18 20:16:32: [spawn] python downloader.py --link https://t.me/c/2427866900/539 --outdir /home/nisch/Desktop/Satsangfetcher/downloads
2025-11-18 20:16:32: [bot] preflight for https://t.me/c/2427866900/543
2025-11-18 20:16:33: [spawn] python downloader.py --link https://t.me/c/2427866900/543 --outdir /home/nisch/Desktop/Satsangfetcher/downloads --preflight
2025-11-18 20:16:36: [progress] 53.9% 25.5MB/47.3MB
2025-11-18 20:16:40: [progress] 64.5% 30.5MB/47.3MB
2025-11-18 20:16:43: [process close] 1
2025-11-18 20:16:44: [bot] starting download for https://t.me/c/2427866900/543
2025-11-18 20:16:44: [spawn] python downloader.py --link https://t.me/c/2427866900/543 --outdir /home/nisch/Desktop/Satsangfetcher/downloads
2025-11-18 20:16:44: [progress] 75% 35.5MB/47.3MB
2025-11-18 20:16:49: [progress] 85.6% 40.5MB/47.3MB
2025-11-18 20:16:53: [progress] 96.2% 45.5MB/47.3MB
2025-11-18 20:16:55: [process close] 1
2025-11-18 20:16:55: [progress] 100% 47.3MB/47.3MB
2025-11-18 20:16:55: [done] path: /home/nisch/Desktop/Satsangfetcher/downloads/Daily Prāptino Vichār/Day 3.mp4 size: 49613079
2025-11-18 20:16:55: [upload] sending Day 3.mp4 to chat 6605982946
2025-11-18 20:16:55: [process close] 0
2025-11-18 20:18:06: [bot] preflight for https://t.me/c/2427866900/535
2025-11-18 20:18:07: [spawn] python downloader.py --link https://t.me/c/2427866900/535 --outdir /home/nisch/Desktop/Satsangfetcher/downloads --preflight
2025-11-18 20:18:08: [bot] starting download for https://t.me/c/2427866900/535
2025-11-18 20:18:08: [spawn] python downloader.py --link https://t.me/c/2427866900/535 --outdir /home/nisch/Desktop/Satsangfetcher/downloads
2025-11-18 20:18:10: [progress] 1% 0.5MB/48.1MB
2025-11-18 20:18:14: [progress] 11.4% 5.5MB/48.1MB
2025-11-18 20:18:18: [bot] preflight for https://t.me/c/2427866900/539
2025-11-18 20:18:18: [spawn] python downloader.py --link https://t.me/c/2427866900/539 --outdir /home/nisch/Desktop/Satsangfetcher/downloads --preflight
2025-11-18 20:18:18: [progress] 21.8% 10.5MB/48.1MB
2025-11-18 20:18:22: [progress] 32.2% 15.5MB/48.1MB
2025-11-18 20:18:26: [progress] 42.6% 20.5MB/48.1MB
2025-11-18 20:18:29: [bot] starting download for https://t.me/c/2427866900/539
2025-11-18 20:18:29: [spawn] python downloader.py --link https://t.me/c/2427866900/539 --outdir /home/nisch/Desktop/Satsangfetcher/downloads
2025-11-18 20:18:29: [bot] preflight for https://t.me/c/2427866900/543
2025-11-18 20:18:29: [spawn] python downloader.py --link https://t.me/c/2427866900/543 --outdir /home/nisch/Desktop/Satsangfetcher/downloads --preflight
2025-11-18 20:18:30: [progress] 53% 25.5MB/48.1MB
2025-11-18 20:18:35: [progress] 63.4% 30.5MB/48.1MB
2025-11-18 20:18:39: [progress] 73.8% 35.5MB/48.1MB
2025-11-18 20:18:40: [process close] 1
2025-11-18 20:18:41: [bot] starting download for https://t.me/c/2427866900/543
2025-11-18 20:18:41: [spawn] python downloader.py --link https://t.me/c/2427866900/543 --outdir /home/nisch/Desktop/Satsangfetcher/downloads
2025-11-18 20:18:43: [progress] 84.2% 40.5MB/48.1MB
2025-11-18 20:18:48: [progress] 94.6% 45.5MB/48.1MB
2025-11-18 20:18:50: [done] path: /home/nisch/Desktop/Satsangfetcher/downloads/Daily Prāptino Vichār/record _2_ _online-video-cutter.com_.mp4 size: 50442278
2025-11-18 20:18:50: [upload] sending record _2_ _online-video-cutter.com_.mp4 to chat 6605982946
2025-11-18 20:18:50: [progress] 100% 48.1MB/48.1MB
2025-11-18 20:18:50: [process close] 0
2025-11-18 20:18:50: [process close] 0
2025-11-18 20:18:57: [bot] preflight for https://t.me/c/2427866900/539
2025-11-18 20:18:58: [spawn] python downloader.py --link https://t.me/c/2427866900/539 --outdir /home/nisch/Desktop/Satsangfetcher/downloads --preflight
2025-11-18 20:18:59: [bot] starting download for https://t.me/c/2427866900/539
2025-11-18 20:18:59: [spawn] python downloader.py --link https://t.me/c/2427866900/539 --outdir /home/nisch/Desktop/Satsangfetcher/downloads
2025-11-18 20:19:01: [progress] 1% 0.5MB/48.9MB
2025-11-18 20:19:06: [progress] 11.3% 5.5MB/48.9MB
2025-11-18 20:19:11: [progress] 21.5% 10.5MB/48.9MB
2025-11-18 20:19:15: [progress] 31.7% 15.5MB/48.9MB
2025-11-18 20:19:20: [progress] 42% 20.5MB/48.9MB
2025-11-18 20:19:24: [progress] 52.2% 25.5MB/48.9MB
2025-11-18 20:19:28: [progress] 62.4% 30.5MB/48.9MB
2025-11-18 20:19:32: [progress] 72.7% 35.5MB/48.9MB
2025-11-18 20:19:37: [progress] 82.9% 40.5MB/48.9MB
2025-11-18 20:19:41: [progress] 93.1% 45.5MB/48.9MB
2025-11-18 20:19:43: [done] path: /home/nisch/Desktop/Satsangfetcher/downloads/Daily Prāptino Vichār/Day 5.mp4 size: 51228308
2025-11-18 20:19:43: [upload] sending Day 5.mp4 to chat 6605982946
2025-11-18 20:19:44: [progress] 100% 48.9MB/48.9MB
2025-11-18 20:19:44: [process close] 0
2025-11-18 20:19:52: [bot] preflight for https://t.me/c/2427866900/547
2025-11-18 20:19:52: [spawn] python downloader.py --link https://t.me/c/2427866900/547 --outdir /home/nisch/Desktop/Satsangfetcher/downloads --preflight
2025-11-18 20:19:54: [bot] starting download for https://t.me/c/2427866900/547
2025-11-18 20:19:54: [spawn] python downloader.py --link https://t.me/c/2427866900/547 --outdir /home/nisch/Desktop/Satsangfetcher/downloads
2025-11-18 20:19:55: [progress] 1% 0.5MB/47.7MB
2025-11-18 20:19:59: [progress] 11.5% 5.5MB/47.7MB
2025-11-18 20:20:02: [progress] 22% 10.5MB/47.7MB
2025-11-18 20:20:05: [progress] 32.5% 15.5MB/47.7MB
2025-11-18 20:20:09: [progress] 43% 20.5MB/47.7MB
2025-11-18 20:20:12: [progress] 53.4% 25.5MB/47.7MB
2025-11-18 20:20:15: [progress] 63.9% 30.5MB/47.7MB
2025-11-18 20:20:19: [progress] 74.4% 35.5MB/47.7MB
2025-11-18 20:20:22: [progress] 84.9% 40.5MB/47.7MB
2025-11-18 20:20:25: [progress] 95.3% 45.5MB/47.7MB
2025-11-18 20:20:26: [done] path: /home/nisch/Desktop/Satsangfetcher/downloads/Daily Prāptino Vichār/Day 7.mp4 size: 50040343
2025-11-18 20:20:26: [upload] sending Day 7.mp4 to chat 6605982946
2025-11-18 20:20:27: [progress] 100% 47.7MB/47.7MB
2025-11-18 20:20:29: [bot] preflight for https://t.me/c/2427866900/543
2025-11-18 20:20:29: [spawn] python downloader.py --link https://t.me/c/2427866900/543 --outdir /home/nisch/Desktop/Satsangfetcher/downloads --preflight
2025-11-18 20:20:29: [process close] 0
2025-11-18 20:20:32: [bot] starting download for https://t.me/c/2427866900/543
2025-11-18 20:20:32: [spawn] python downloader.py --link https://t.me/c/2427866900/543 --outdir /home/nisch/Desktop/Satsangfetcher/downloads
2025-11-18 20:20:33: [progress] 1% 0.5MB/47.8MB
2025-11-18 20:20:36: [progress] 11.5% 5.5MB/47.8MB
2025-11-18 20:20:40: [progress] 22% 10.5MB/47.8MB
2025-11-18 20:20:43: [progress] 32.4% 15.5MB/47.8MB
2025-11-18 20:20:46: [progress] 42.9% 20.5MB/47.8MB
2025-11-18 20:20:49: [progress] 53.4% 25.5MB/47.8MB
2025-11-18 20:20:52: [progress] 63.8% 30.5MB/47.8MB
2025-11-18 20:20:55: [progress] 74.3% 35.5MB/47.8MB
2025-11-18 20:20:58: [bot] preflight for https://t.me/c/2427866900/552
2025-11-18 20:20:58: [spawn] python downloader.py --link https://t.me/c/2427866900/552 --outdir /home/nisch/Desktop/Satsangfetcher/downloads --preflight
2025-11-18 20:20:59: [progress] 84.7% 40.5MB/47.8MB
2025-11-18 20:21:02: [progress] 95.2% 45.5MB/47.8MB
2025-11-18 20:21:03: [done] path: /home/nisch/Desktop/Satsangfetcher/downloads/Daily Prāptino Vichār/Day 6.mp4 size: 50112877
2025-11-18 20:21:03: [upload] sending Day 6.mp4 to chat 6605982946
2025-11-18 20:21:04: [progress] 100% 47.8MB/47.8MB
2025-11-18 20:21:04: [process close] 0
2025-11-18 20:21:04: [bot] starting download for https://t.me/c/2427866900/552
2025-11-18 20:21:04: [spawn] python downloader.py --link https://t.me/c/2427866900/552 --outdir /home/nisch/Desktop/Satsangfetcher/downloads
2025-11-18 20:21:08: [progress] 1% 0.5MB/48.1MB
2025-11-18 20:21:11: [progress] 11.4% 5.5MB/48.1MB
2025-11-18 20:21:15: [progress] 21.8% 10.5MB/48.1MB
2025-11-18 20:21:19: [progress] 32.2% 15.5MB/48.1MB
2025-11-18 20:21:22: [progress] 42.6% 20.5MB/48.1MB
2025-11-18 20:21:26: [progress] 53% 25.5MB/48.1MB
2025-11-18 20:21:30: [progress] 63.4% 30.5MB/48.1MB
2025-11-18 20:21:34: [progress] 73.8% 35.5MB/48.1MB
2025-11-18 20:21:37: [progress] 84.2% 40.5MB/48.1MB
2025-11-18 20:21:40: [progress] 94.6% 45.5MB/48.1MB
2025-11-18 20:21:42: [done] path: /home/nisch/Desktop/Satsangfetcher/downloads/Daily Prāptino Vichār/record _online-video-cutter.com_ _1_.mp4 size: 50425305
2025-11-18 20:21:42: [upload] sending record _online-video-cutter.com_ _1_.mp4 to chat 6605982946
2025-11-18 20:21:43: [progress] 100% 48.1MB/48.1MB
2025-11-18 20:21:44: [process close] 0
2025-11-19 22:57:36: [bot] preflight for https://t.me/c/1773081661/4463
2025-11-19 22:57:36: [spawn] python downloader.py --link https://t.me/c/1773081661/4463 --outdir /home/nisch/Desktop/Satsangfetcher/downloads --preflight
2025-11-19 22:57:37: [bot] starting download for https://t.me/c/1773081661/4463
2025-11-19 22:57:37: [spawn] python downloader.py --link https://t.me/c/1773081661/4463 --outdir /home/nisch/Desktop/Satsangfetcher/downloads
2025-11-19 22:57:39: [progress] 4.7% 0.5MB/10.6MB
2025-11-19 22:57:40: [progress] 18.9% 2.0MB/10.6MB
2025-11-19 22:57:41: [progress] 33.1% 3.5MB/10.6MB
2025-11-19 22:57:42: [progress] 47.3% 5.0MB/10.6MB
2025-11-19 22:57:43: [progress] 61.5% 6.5MB/10.6MB
2025-11-19 22:57:44: [progress] 75.7% 8.0MB/10.6MB
2025-11-19 22:57:45: [progress] 89.9% 9.5MB/10.6MB
2025-11-19 22:57:45: [done] path: /home/nisch/Desktop/Satsangfetcher/downloads/Brahma naa sange/record.ogg size: 11084171
2025-11-19 22:57:45: [upload] sending record.ogg to chat 6605982946
2025-11-19 22:57:46: [progress] 100% 10.6MB/10.6MB
2025-11-19 22:57:46: [process close] 0
2025-11-19 23:01:28: [bot] preflight for https://t.me/c/1773081661/4463
2025-11-19 23:01:28: [spawn] python downloader.py --link https://t.me/c/1773081661/4463 --outdir /home/nisch/Desktop/Satsangfetcher/downloads --preflight
2025-11-19 23:01:30: [bot] starting download for https://t.me/c/1773081661/4463
2025-11-19 23:01:30: [spawn] python downloader.py --link https://t.me/c/1773081661/4463 --outdir /home/nisch/Desktop/Satsangfetcher/downloads
2025-11-19 23:01:33: [progress] 4.7% 0.5MB/10.6MB
2025-11-19 23:01:37: [progress] 18.9% 2.0MB/10.6MB
2025-11-19 23:01:41: [progress] 33.1% 3.5MB/10.6MB
2025-11-19 23:01:45: [progress] 47.3% 5.0MB/10.6MB
2025-11-19 23:01:49: [progress] 61.5% 6.5MB/10.6MB
2025-11-19 23:01:53: [progress] 75.7% 8.0MB/10.6MB
2025-11-19 23:01:58: [progress] 89.9% 9.5MB/10.6MB
2025-11-19 23:02:00: [done] path: /home/nisch/Desktop/Satsangfetcher/downloads/Brahma naa sange/record.ogg size: 11084171
2025-11-19 23:02:00: [upload] sending record.ogg to chat 961923833
2025-11-19 23:02:01: [progress] 100% 10.6MB/10.6MB
2025-11-19 23:02:01: [process close] 0
2025-11-21 21:00:58: [bot] preflight for https://t.me/BhajanGanga1/749
2025-11-21 21:00:58: [spawn] python downloader.py --link https://t.me/BhajanGanga1/749 --outdir /home/nisch/Desktop/Satsangfetcher/downloads --preflight
2025-11-21 21:00:59: [bot] starting download for https://t.me/BhajanGanga1/749
2025-11-21 21:00:59: [spawn] python downloader.py --link https://t.me/BhajanGanga1/749 --outdir /home/nisch/Desktop/Satsangfetcher/downloads
2025-11-21 21:01:01: [progress] 12.6% 0.5MB/4.0MB
2025-11-21 21:01:02: [progress] 25.2% 1.0MB/4.0MB
2025-11-21 21:01:02: [progress] 37.8% 1.5MB/4.0MB
2025-11-21 21:01:02: [progress] 50.3% 2.0MB/4.0MB
2025-11-21 21:01:03: [progress] 62.9% 2.5MB/4.0MB
2025-11-21 21:01:03: [progress] 75.5% 3.0MB/4.0MB
2025-11-21 21:01:03: [progress] 88.1% 3.5MB/4.0MB
2025-11-21 21:01:03: [done] path: /home/nisch/Desktop/Satsangfetcher/downloads/BhajanGanga1/Padharo Mhare Desh_ Mare Anganiye.mp3 size: 4165642
2025-11-21 21:01:03: [upload] sending Padharo Mhare Desh_ Mare Anganiye.mp3 to chat 1173474906
2025-11-21 21:01:03: [progress] 100% 4.0MB/4.0MB
2025-11-21 21:01:03: [process close] 0
2025-12-03 11:27:33: [bot] preflight for https://t.me/c/1773081661/4538
2025-12-03 11:27:33: [spawn] python downloader.py --link https://t.me/c/1773081661/4538 --outdir /home/nisch/Desktop/Satsangfetcher/downloads --preflight
2025-12-03 11:27:35: [bot] starting download for https://t.me/c/1773081661/4538
2025-12-03 11:27:35: [spawn] python downloader.py --link https://t.me/c/1773081661/4538 --outdir /home/nisch/Desktop/Satsangfetcher/downloads
2025-12-03 11:27:39: [progress] 4.3% 0.5MB/11.6MB
2025-12-03 11:27:40: [progress] 17.3% 2.0MB/11.6MB
2025-12-03 11:27:42: [progress] 30.2% 3.5MB/11.6MB
2025-12-03 11:27:44: [progress] 43.1% 5.0MB/11.6MB
2025-12-03 11:27:46: [progress] 56.1% 6.5MB/11.6MB
2025-12-03 11:27:48: [progress] 69% 8.0MB/11.6MB
2025-12-03 11:27:50: [progress] 82% 9.5MB/11.6MB
2025-12-03 11:27:51: [progress] 94.9% 11.0MB/11.6MB
2025-12-03 11:27:52: [done] path: /home/nisch/Desktop/Satsangfetcher/downloads/Brahma naa sange/record.ogg size: 12152671
2025-12-03 11:27:52: [upload] sending record.ogg to chat 1173474906
2025-12-03 11:27:52: [process close] 0
2025-12-03 11:27:52: [progress] 100% 11.6MB/11.6MB
2025-12-06 22:26:19: [bot] preflight for https://t.me/c/1773081661/4554
2025-12-06 22:26:19: [spawn] python downloader.py --link https://t.me/c/1773081661/4554 --outdir /home/nisch/Desktop/Satsangfetcher/downloads --preflight
2025-12-06 22:26:21: [bot] starting download for https://t.me/c/1773081661/4554
2025-12-06 22:26:21: [spawn] python downloader.py --link https://t.me/c/1773081661/4554 --outdir /home/nisch/Desktop/Satsangfetcher/downloads
2025-12-06 22:26:22: [progress] 5.5% 0.5MB/9.0MB
2025-12-06 22:26:23: [progress] 16.6% 1.5MB/9.0MB
2025-12-06 22:26:24: [progress] 27.7% 2.5MB/9.0MB
2025-12-06 22:26:24: [progress] 38.7% 3.5MB/9.0MB
2025-12-06 22:26:25: [progress] 49.8% 4.5MB/9.0MB
2025-12-06 22:26:26: [progress] 60.9% 5.5MB/9.0MB
2025-12-06 22:26:27: [progress] 72% 6.5MB/9.0MB
2025-12-06 22:26:27: [progress] 83% 7.5MB/9.0MB
2025-12-06 22:26:28: [progress] 94.1% 8.5MB/9.0MB
2025-12-06 22:26:28: [done] path: /home/nisch/Desktop/Satsangfetcher/downloads/Brahma naa sange/record.ogg size: 9472581
2025-12-06 22:26:28: [upload] sending record.ogg to chat 1173474906
2025-12-06 22:26:28: [progress] 100% 9.0MB/9.0MB
2025-12-06 22:26:30: [process close] 0
2025-12-15 10:34:49: [bot] preflight for https://t.me/c/2074676830/1001
2025-12-15 10:34:49: [spawn] python downloader.py --link https://t.me/c/2074676830/1001 --outdir /home/nisch/Desktop/Satsangfetcher/downloads --preflight
2025-12-15 10:34:50: [bot] starting download for https://t.me/c/2074676830/1001
2025-12-15 10:34:50: [spawn] python downloader.py --link https://t.me/c/2074676830/1001 --outdir /home/nisch/Desktop/Satsangfetcher/downloads
2025-12-15 10:34:51: [done] path: /home/nisch/Desktop/Satsangfetcher/downloads/Moments with Mahant Swami/Moments with Mahant Swami_1001.jpg size: 140146
2025-12-15 10:34:51: [upload] sending Moments with Mahant Swami_1001.jpg to chat 1173474906
2025-12-15 10:34:52: [process close] 0
2025-12-15 10:34:52: [progress] 100% 0.1MB/0.1MB
2025-12-15 10:35:43: [bot] preflight for https://t.me/c/2074676830/993
2025-12-15 10:35:44: [spawn] python downloader.py --link https://t.me/c/2074676830/993 --outdir /home/nisch/Desktop/Satsangfetcher/downloads --preflight
2025-12-15 10:35:45: [bot] starting download for https://t.me/c/2074676830/993
2025-12-15 10:35:45: [spawn] python downloader.py --link https://t.me/c/2074676830/993 --outdir /home/nisch/Desktop/Satsangfetcher/downloads
2025-12-15 10:35:46: [done] path: /home/nisch/Desktop/Satsangfetcher/downloads/Moments with Mahant Swami/Moments with Mahant Swami_993.jpg size: 131133
2025-12-15 10:35:46: [upload] sending Moments with Mahant Swami_993.jpg to chat 1173474906
2025-12-15 10:35:46: [process close] 0
2025-12-15 10:35:47: [progress] 100% 0.1MB/0.1MB
2025-12-25 15:55:51: [bot] preflight for https://t.me/c/1773081661/4632
2025-12-25 15:55:51: [spawn] python downloader.py --link https://t.me/c/1773081661/4632 --outdir /home/nisch/Desktop/Satsangfetcher/downloads --preflight
2025-12-25 15:55:53: [bot] starting download for https://t.me/c/1773081661/4632
2025-12-25 15:55:53: [spawn] python downloader.py --link https://t.me/c/1773081661/4632 --outdir /home/nisch/Desktop/Satsangfetcher/downloads
2025-12-25 15:55:55: [progress] 5.3% 0.5MB/9.4MB
2025-12-25 15:55:55: [progress] 16% 1.5MB/9.4MB
2025-12-25 15:55:56: [progress] 26.7% 2.5MB/9.4MB
2025-12-25 15:55:57: [progress] 37.4% 3.5MB/9.4MB
2025-12-25 15:55:58: [progress] 48.1% 4.5MB/9.4MB
2025-12-25 15:55:58: [progress] 58.7% 5.5MB/9.4MB
2025-12-25 15:55:59: [progress] 69.4% 6.5MB/9.4MB
2025-12-25 15:56:00: [progress] 80.1% 7.5MB/9.4MB
2025-12-25 15:56:01: [progress] 90.8% 8.5MB/9.4MB
2025-12-25 15:56:01: [done] path: /home/nisch/Desktop/Satsangfetcher/downloads/Brahma naa sange/record.ogg size: 9819920
2025-12-25 15:56:01: [upload] sending record.ogg to chat 1173474906
2025-12-25 15:56:01: [progress] 100% 9.4MB/9.4MB
2025-12-25 15:56:02: [process close] 0
2025-12-25 18:42:59: [bot] preflight for https://t.me/prapti_daily/194
2025-12-25 18:42:59: [spawn] python downloader.py --link https://t.me/prapti_daily/194 --outdir /home/nisch/Desktop/Satsangfetcher/downloads --preflight
2025-12-25 18:43:01: [bot] starting download for https://t.me/prapti_daily/194
2025-12-25 18:43:01: [spawn] python downloader.py --link https://t.me/prapti_daily/194 --outdir /home/nisch/Desktop/Satsangfetcher/downloads
2025-12-25 18:43:02: [done] path: /home/nisch/Desktop/Satsangfetcher/downloads/prapti_daily/prapti_daily_194.jpg size: 121499
2025-12-25 18:43:02: [upload] sending prapti_daily_194.jpg to chat 1173474906
2025-12-25 18:43:02: [process close] 0
2025-12-25 18:43:02: [progress] 100% 0.1MB/0.1MB
2025-12-29 10:13:02: [bot] preflight for https://t.me/c/1773081661/4649
2025-12-29 10:13:03: [spawn] python downloader.py --link https://t.me/c/1773081661/4649 --outdir /home/nisch/Desktop/Satsangfetcher/downloads --preflight
2025-12-29 10:13:04: [bot] starting download for https://t.me/c/1773081661/4649
2025-12-29 10:13:04: [spawn] python downloader.py --link https://t.me/c/1773081661/4649 --outdir /home/nisch/Desktop/Satsangfetcher/downloads
2025-12-29 10:13:06: [progress] 3.2% 0.5MB/15.6MB
2025-12-29 10:13:07: [progress] 16% 2.5MB/15.6MB
2025-12-29 10:13:09: [progress] 28.8% 4.5MB/15.6MB
2025-12-29 10:13:10: [progress] 41.5% 6.5MB/15.6MB
2025-12-29 10:13:12: [progress] 54.3% 8.5MB/15.6MB
2025-12-29 10:13:13: [progress] 67.1% 10.5MB/15.6MB
2025-12-29 10:13:14: [progress] 79.9% 12.5MB/15.6MB
2025-12-29 10:13:16: [progress] 92.7% 14.5MB/15.6MB
2025-12-29 10:13:16: [done] path: /home/nisch/Desktop/Satsangfetcher/downloads/Brahma naa sange/Pujya Uttamyogi swami..m4a size: 16408581
2025-12-29 10:13:16: [upload] sending Pujya Uttamyogi swami..m4a to chat 1173474906
2025-12-29 10:13:17: [progress] 100% 15.6MB/15.6MB
2025-12-29 10:13:17: [process close] 0
2025-12-30 10:20:03: [bot] preflight for https://t.me/c/1773081661/4656
2025-12-30 10:20:03: [spawn] python downloader.py --link https://t.me/c/1773081661/4656 --outdir /home/nisch/Desktop/Satsangfetcher/downloads --preflight
2025-12-30 10:20:04: [bot] starting download for https://t.me/c/1773081661/4656
2025-12-30 10:20:04: [spawn] python downloader.py --link https://t.me/c/1773081661/4656 --outdir /home/nisch/Desktop/Satsangfetcher/downloads
2025-12-30 10:20:06: [progress] 5% 0.5MB/10.0MB
2025-12-30 10:20:07: [progress] 15% 1.5MB/10.0MB
2025-12-30 10:20:08: [progress] 25% 2.5MB/10.0MB
2025-12-30 10:20:09: [progress] 39.9% 4.0MB/10.0MB
2025-12-30 10:20:10: [progress] 49.9% 5.0MB/10.0MB
2025-12-30 10:20:10: [progress] 59.9% 6.0MB/10.0MB
2025-12-30 10:20:11: [progress] 69.9% 7.0MB/10.0MB
2025-12-30 10:20:12: [progress] 79.9% 8.0MB/10.0MB
2025-12-30 10:20:13: [progress] 89.9% 9.0MB/10.0MB
2025-12-30 10:20:13: [done] path: /home/nisch/Desktop/Satsangfetcher/downloads/Brahma naa sange/record.ogg size: 10501982
2025-12-30 10:20:13: [upload] sending record.ogg to chat 1173474906
2025-12-30 10:20:13: [progress] 100% 10.0MB/10.0MB
2025-12-30 10:20:13: [process close] 0
2025-12-31 10:42:29: [bot] preflight for https://t.me/c/1773081661/4661
2025-12-31 10:42:29: [spawn] python downloader.py --link https://t.me/c/1773081661/4661 --outdir /home/nisch/Desktop/Satsangfetcher/downloads --preflight
2025-12-31 10:42:31: [bot] starting download for https://t.me/c/1773081661/4661
2025-12-31 10:42:31: [spawn] python downloader.py --link https://t.me/c/1773081661/4661 --outdir /home/nisch/Desktop/Satsangfetcher/downloads
2025-12-31 10:42:33: [progress] 4.7% 0.5MB/10.6MB
2025-12-31 10:42:33: [progress] 18.8% 2.0MB/10.6MB
2025-12-31 10:42:34: [progress] 33% 3.5MB/10.6MB
2025-12-31 10:42:35: [progress] 47.1% 5.0MB/10.6MB
2025-12-31 10:42:36: [progress] 61.2% 6.5MB/10.6MB
2025-12-31 10:42:37: [progress] 75.4% 8.0MB/10.6MB
2025-12-31 10:42:38: [progress] 89.5% 9.5MB/10.6MB
2025-12-31 10:42:39: [done] path: /home/nisch/Desktop/Satsangfetcher/downloads/Brahma naa sange/record.ogg size: 11131340
2025-12-31 10:42:39: [upload] sending record.ogg to chat 1173474906
2025-12-31 10:42:39: [progress] 100% 10.6MB/10.6MB
2025-12-31 10:42:39: [process close] 0
2026-01-02 11:32:42: [bot] preflight for https://t.me/c/1773081661/4669
2026-01-02 11:32:42: [spawn] python downloader.py --link https://t.me/c/1773081661/4669 --outdir /home/nisch/Desktop/Satsangfetcher/downloads --preflight
2026-01-02 11:32:44: [bot] starting download for https://t.me/c/1773081661/4669
2026-01-02 11:32:44: [spawn] python downloader.py --link https://t.me/c/1773081661/4669 --outdir /home/nisch/Desktop/Satsangfetcher/downloads
2026-01-02 11:32:46: [progress] 5.3% 0.5MB/9.4MB
2026-01-02 11:32:47: [progress] 16% 1.5MB/9.4MB
2026-01-02 11:32:48: [progress] 26.6% 2.5MB/9.4MB
2026-01-02 11:32:49: [progress] 37.2% 3.5MB/9.4MB
2026-01-02 11:32:49: [progress] 47.9% 4.5MB/9.4MB
2026-01-02 11:32:50: [progress] 58.5% 5.5MB/9.4MB
2026-01-02 11:32:51: [progress] 69.2% 6.5MB/9.4MB
2026-01-02 11:32:52: [progress] 79.8% 7.5MB/9.4MB
2026-01-02 11:32:53: [progress] 90.5% 8.5MB/9.4MB
2026-01-02 11:32:53: [done] path: /home/nisch/Desktop/Satsangfetcher/downloads/Brahma naa sange/record.ogg size: 9852637
2026-01-02 11:32:53: [upload] sending record.ogg to chat 1173474906
2026-01-02 11:32:54: [process close] 0
2026-01-02 11:32:54: [progress] 100% 9.4MB/9.4MB
2026-01-06 13:03:58: [bot] preflight for https://t.me/c/1773081661/4682
2026-01-06 13:03:58: [spawn] python downloader.py --link https://t.me/c/1773081661/4682 --outdir /home/nisch/Desktop/Satsangfetcher/downloads --preflight
2026-01-06 13:04:00: [bot] starting download for https://t.me/c/1773081661/4682
2026-01-06 13:04:00: [spawn] python downloader.py --link https://t.me/c/1773081661/4682 --outdir /home/nisch/Desktop/Satsangfetcher/downloads
2026-01-06 13:04:02: [progress] 3.3% 0.5MB/15.0MB
2026-01-06 13:04:03: [progress] 13.3% 2.0MB/15.0MB
2026-01-06 13:04:04: [progress] 23.3% 3.5MB/15.0MB
2026-01-06 13:04:06: [progress] 36.6% 5.5MB/15.0MB
2026-01-06 13:04:06: [bot] preflight for https://t.me/c/1773081661/4688
2026-01-06 13:04:06: [spawn] python downloader.py --link https://t.me/c/1773081661/4688 --outdir /home/nisch/Desktop/Satsangfetcher/downloads --preflight
2026-01-06 13:04:07: [progress] 46.6% 7.0MB/15.0MB
2026-01-06 13:04:09: [progress] 59.9% 9.0MB/15.0MB
2026-01-06 13:04:10: [progress] 69.9% 10.5MB/15.0MB
2026-01-06 13:04:11: [progress] 83.2% 12.5MB/15.0MB
2026-01-06 13:04:13: [progress] 96.5% 14.5MB/15.0MB
2026-01-06 13:04:13: [done] path: /home/nisch/Desktop/Satsangfetcher/downloads/Brahma naa sange/Pujya Uttamyogi Swami _5_.m4a size: 15761354
2026-01-06 13:04:13: [upload] sending Pujya Uttamyogi Swami _5_.m4a to chat 1173474906
2026-01-06 13:04:13: [progress] 100% 15.0MB/15.0MB
2026-01-06 13:04:13: [process close] 0
2026-01-06 13:04:14: [bot] starting download for https://t.me/c/1773081661/4688
2026-01-06 13:04:14: [spawn] python downloader.py --link https://t.me/c/1773081661/4688 --outdir /home/nisch/Desktop/Satsangfetcher/downloads
2026-01-06 13:04:16: [progress] 5.8% 0.5MB/8.6MB
2026-01-06 13:04:16: [progress] 17.4% 1.5MB/8.6MB
2026-01-06 13:04:17: [progress] 29% 2.5MB/8.6MB
2026-01-06 13:04:18: [progress] 40.6% 3.5MB/8.6MB
2026-01-06 13:04:18: [progress] 52.2% 4.5MB/8.6MB
2026-01-06 13:04:19: [progress] 63.8% 5.5MB/8.6MB
2026-01-06 13:04:20: [progress] 75.4% 6.5MB/8.6MB
2026-01-06 13:04:20: [progress] 86.9% 7.5MB/8.6MB
2026-01-06 13:04:21: [progress] 98.5% 8.5MB/8.6MB
2026-01-06 13:04:21: [done] path: /home/nisch/Desktop/Satsangfetcher/downloads/Brahma naa sange/record.ogg size: 9044750
2026-01-06 13:04:21: [upload] sending record.ogg to chat 1173474906
2026-01-06 13:04:21: [process close] 0
2026-01-06 13:04:21: [progress] 100% 8.6MB/8.6MB
2026-01-06 13:07:15: [bot] preflight for https://t.me/c/1773081661/4682
2026-01-06 13:07:15: [spawn] python downloader.py --link https://t.me/c/1773081661/4682 --outdir /home/nisch/Desktop/Satsangfetcher/downloads --preflight
2026-01-06 13:07:17: [bot] starting download for https://t.me/c/1773081661/4682
2026-01-06 13:07:17: [spawn] python downloader.py --link https://t.me/c/1773081661/4682 --outdir /home/nisch/Desktop/Satsangfetcher/downloads
2026-01-06 13:07:19: [progress] 3.3% 0.5MB/15.0MB
2026-01-06 13:07:20: [progress] 13.3% 2.0MB/15.0MB
2026-01-06 13:07:22: [progress] 23.3% 3.5MB/15.0MB
2026-01-06 13:07:23: [progress] 36.6% 5.5MB/15.0MB
2026-01-06 13:07:25: [progress] 46.6% 7.0MB/15.0MB
2026-01-06 13:07:26: [progress] 59.9% 9.0MB/15.0MB
2026-01-06 13:07:27: [progress] 69.9% 10.5MB/15.0MB
2026-01-06 13:07:29: [progress] 83.2% 12.5MB/15.0MB
2026-01-06 13:07:31: [progress] 96.5% 14.5MB/15.0MB
2026-01-06 13:07:31: [done] path: /home/nisch/Desktop/Satsangfetcher/downloads/Brahma naa sange/Pujya Uttamyogi Swami _5_.m4a size: 15761354
2026-01-06 13:07:31: [upload] sending Pujya Uttamyogi Swami _5_.m4a to chat 961923833
2026-01-06 13:07:31: [progress] 100% 15.0MB/15.0MB
2026-01-06 13:07:31: [process close] 0
2026-01-08 16:37:20: [bot] preflight for https://t.me/c/1773081661/4694
2026-01-08 16:37:21: [spawn] python downloader.py --link https://t.me/c/1773081661/4694 --outdir /home/nisch/Desktop/Satsangfetcher/downloads --preflight
2026-01-08 16:37:22: [bot] starting download for https://t.me/c/1773081661/4694
2026-01-08 16:37:22: [spawn] python downloader.py --link https://t.me/c/1773081661/4694 --outdir /home/nisch/Desktop/Satsangfetcher/downloads
2026-01-08 16:37:24: [progress] 5.7% 0.5MB/8.7MB
2026-01-08 16:37:24: [progress] 17.2% 1.5MB/8.7MB
2026-01-08 16:37:25: [progress] 28.6% 2.5MB/8.7MB
2026-01-08 16:37:26: [progress] 40.1% 3.5MB/8.7MB
2026-01-08 16:37:27: [progress] 51.5% 4.5MB/8.7MB
2026-01-08 16:37:27: [progress] 63% 5.5MB/8.7MB
2026-01-08 16:37:28: [progress] 74.4% 6.5MB/8.7MB
2026-01-08 16:37:29: [progress] 85.8% 7.5MB/8.7MB
2026-01-08 16:37:29: [bot] preflight for https://t.me/c/1773081661/4698
2026-01-08 16:37:29: [done] path: /home/nisch/Desktop/Satsangfetcher/downloads/Brahma naa sange/record.ogg size: 9161415
2026-01-08 16:37:29: [upload] sending record.ogg to chat 1173474906
2026-01-08 16:37:29: [spawn] python downloader.py --link https://t.me/c/1773081661/4698 --outdir /home/nisch/Desktop/Satsangfetcher/downloads --preflight
2026-01-08 16:37:29: [progress] 97.3% 8.5MB/8.7MB
2026-01-08 16:37:30: [progress] 100% 8.7MB/8.7MB
2026-01-08 16:37:30: [process close] 0
2026-01-08 16:37:31: [bot] starting download for https://t.me/c/1773081661/4698
2026-01-08 16:37:31: [spawn] python downloader.py --link https://t.me/c/1773081661/4698 --outdir /home/nisch/Desktop/Satsangfetcher/downloads
2026-01-08 16:37:33: [progress] 6% 0.5MB/8.4MB
2026-01-08 16:37:33: [progress] 17.9% 1.5MB/8.4MB
2026-01-08 16:37:34: [progress] 29.8% 2.5MB/8.4MB
2026-01-08 16:37:35: [progress] 41.8% 3.5MB/8.4MB
2026-01-08 16:37:36: [progress] 53.7% 4.5MB/8.4MB
2026-01-08 16:37:36: [progress] 65.6% 5.5MB/8.4MB
2026-01-08 16:37:37: [progress] 77.6% 6.5MB/8.4MB
2026-01-08 16:37:38: [progress] 89.5% 7.5MB/8.4MB
2026-01-08 16:37:38: [done] path: /home/nisch/Desktop/Satsangfetcher/downloads/Brahma naa sange/record (1).ogg size: 8788725
2026-01-08 16:37:38: [upload] sending record (1).ogg to chat 1173474906
2026-01-08 16:37:38: [progress] 100% 8.4MB/8.4MB
2026-01-08 16:37:38: [process close] 0
2026-01-08 21:55:32: [bot] preflight for https://t.me/c/1843778443/539
2026-01-08 21:55:32: [spawn] python downloader.py --link https://t.me/c/1843778443/539 --outdir /home/nisch/Desktop/Satsangfetcher/downloads --preflight
2026-01-08 21:55:33: [bot] starting download for https://t.me/c/1843778443/539
2026-01-08 21:55:33: [spawn] python downloader.py --link https://t.me/c/1843778443/539 --outdir /home/nisch/Desktop/Satsangfetcher/downloads
2026-01-08 21:55:35: [progress] 1.9% 0.5MB/26.1MB
2026-01-08 21:55:37: [progress] 13.4% 3.5MB/26.1MB
2026-01-08 21:55:39: [progress] 24.9% 6.5MB/26.1MB
2026-01-08 21:55:41: [progress] 36.4% 9.5MB/26.1MB
2026-01-08 21:55:42: [progress] 47.9% 12.5MB/26.1MB
2026-01-08 21:55:44: [progress] 59.4% 15.5MB/26.1MB
2026-01-08 21:55:46: [progress] 70.9% 18.5MB/26.1MB
2026-01-08 21:55:48: [progress] 82.4% 21.5MB/26.1MB
2026-01-08 21:55:50: [progress] 93.9% 24.5MB/26.1MB
2026-01-08 21:55:51: [done] path: /home/nisch/Desktop/Satsangfetcher/downloads/North American Youth Activities/BKY Annual Report 2025.pdf size: 27352049
2026-01-08 21:55:51: [upload] sending BKY Annual Report 2025.pdf to chat 1173474906
2026-01-08 21:55:51: [progress] 100% 26.1MB/26.1MB
2026-01-08 21:55:51: [process close] 0
2026-01-11 23:14:03: [bot] preflight for https://t.me/c/1773081661/4706
2026-01-11 23:14:04: [spawn] python downloader.py --link https://t.me/c/1773081661/4706 --outdir /home/nisch/Desktop/Satsangfetcher/downloads --preflight
2026-01-11 23:14:05: [bot] starting download for https://t.me/c/1773081661/4706
2026-01-11 23:14:05: [spawn] python downloader.py --link https://t.me/c/1773081661/4706 --outdir /home/nisch/Desktop/Satsangfetcher/downloads
2026-01-11 23:14:07: [progress] 4.2% 0.5MB/11.8MB
2026-01-11 23:14:08: [progress] 16.9% 2.0MB/11.8MB
2026-01-11 23:14:09: [progress] 29.6% 3.5MB/11.8MB
2026-01-11 23:14:11: [progress] 42.2% 5.0MB/11.8MB
2026-01-11 23:14:12: [progress] 54.9% 6.5MB/11.8MB
2026-01-11 23:14:13: [progress] 67.5% 8.0MB/11.8MB
2026-01-11 23:14:14: [progress] 80.2% 9.5MB/11.8MB
2026-01-11 23:14:15: [progress] 92.9% 11.0MB/11.8MB
2026-01-11 23:14:16: [done] path: /home/nisch/Desktop/Satsangfetcher/downloads/Brahma naa sange/record.ogg size: 12418696
2026-01-11 23:14:16: [upload] sending record.ogg to chat 1173474906
2026-01-11 23:14:16: [bot] preflight for https://t.me/c/1773081661/4710
2026-01-11 23:14:16: [progress] 100% 11.8MB/11.8MB
2026-01-11 23:14:16: [process close] 0
2026-01-11 23:14:16: [spawn] python downloader.py --link https://t.me/c/1773081661/4710 --outdir /home/nisch/Desktop/Satsangfetcher/downloads --preflight
2026-01-11 23:14:17: [bot] starting download for https://t.me/c/1773081661/4710
2026-01-11 23:14:17: [spawn] python downloader.py --link https://t.me/c/1773081661/4710 --outdir /home/nisch/Desktop/Satsangfetcher/downloads
2026-01-11 23:14:19: [progress] 5.5% 0.5MB/9.1MB
2026-01-11 23:14:19: [progress] 16.4% 1.5MB/9.1MB
2026-01-11 23:14:20: [progress] 27.3% 2.5MB/9.1MB
2026-01-11 23:14:21: [progress] 38.3% 3.5MB/9.1MB
2026-01-11 23:14:21: [progress] 49.2% 4.5MB/9.1MB
2026-01-11 23:14:22: [progress] 60.1% 5.5MB/9.1MB
2026-01-11 23:14:23: [progress] 71% 6.5MB/9.1MB
2026-01-11 23:14:23: [progress] 82% 7.5MB/9.1MB
2026-01-11 23:14:24: [progress] 92.9% 8.5MB/9.1MB
2026-01-11 23:14:24: [done] path: /home/nisch/Desktop/Satsangfetcher/downloads/Brahma naa sange/record (1).ogg size: 9593215
2026-01-11 23:14:24: [upload] sending record (1).ogg to chat 1173474906
2026-01-11 23:14:24: [progress] 100% 9.1MB/9.1MB
2026-01-11 23:14:24: [process close] 0
2026-01-13 17:44:51: [bot] preflight for https://t.me/c/1773081661/4723
2026-01-13 17:44:51: [spawn] python downloader.py --link https://t.me/c/1773081661/4723 --outdir /home/nisch/Desktop/Satsangfetcher/downloads --preflight
2026-01-13 17:44:52: [bot] starting download for https://t.me/c/1773081661/4723
2026-01-13 17:44:52: [spawn] python downloader.py --link https://t.me/c/1773081661/4723 --outdir /home/nisch/Desktop/Satsangfetcher/downloads
2026-01-13 17:44:54: [progress] 3.3% 0.5MB/15.2MB
2026-01-13 17:44:55: [progress] 16.5% 2.5MB/15.2MB
2026-01-13 17:44:57: [progress] 29.6% 4.5MB/15.2MB
2026-01-13 17:44:58: [progress] 42.8% 6.5MB/15.2MB
2026-01-13 17:45:00: [progress] 56% 8.5MB/15.2MB
2026-01-13 17:45:01: [progress] 69.1% 10.5MB/15.2MB
2026-01-13 17:45:02: [progress] 82.3% 12.5MB/15.2MB
2026-01-13 17:45:03: [bot] preflight for https://t.me/c/1773081661/4729
2026-01-13 17:45:03: [spawn] python downloader.py --link https://t.me/c/1773081661/4729 --outdir /home/nisch/Desktop/Satsangfetcher/downloads --preflight
2026-01-13 17:45:04: [progress] 95.5% 14.5MB/15.2MB
2026-01-13 17:45:04: [done] path: /home/nisch/Desktop/Satsangfetcher/downloads/Brahma naa sange/Pujya Uttamyogi Swam.m4a size: 15924405
2026-01-13 17:45:04: [upload] sending Pujya Uttamyogi Swam.m4a to chat 1173474906
2026-01-13 17:45:04: [progress] 100% 15.2MB/15.2MB
2026-01-13 17:45:04: [process close] 0
2026-01-13 17:45:05: [bot] starting download for https://t.me/c/1773081661/4729
2026-01-13 17:45:05: [spawn] python downloader.py --link https://t.me/c/1773081661/4729 --outdir /home/nisch/Desktop/Satsangfetcher/downloads
2026-01-13 17:45:08: [progress] 5.3% 0.5MB/9.5MB
2026-01-13 17:45:09: [progress] 15.8% 1.5MB/9.5MB
2026-01-13 17:45:10: [progress] 26.3% 2.5MB/9.5MB
2026-01-13 17:45:12: [progress] 36.8% 3.5MB/9.5MB
2026-01-13 17:45:14: [progress] 47.3% 4.5MB/9.5MB
2026-01-13 17:45:16: [progress] 57.9% 5.5MB/9.5MB
2026-01-13 17:45:18: [progress] 68.4% 6.5MB/9.5MB
2026-01-13 17:45:20: [progress] 78.9% 7.5MB/9.5MB
2026-01-13 17:45:22: [progress] 89.4% 8.5MB/9.5MB
2026-01-13 17:45:23: [done] path: /home/nisch/Desktop/Satsangfetcher/downloads/Brahma naa sange/record.ogg size: 9968898
2026-01-13 17:45:23: [upload] sending record.ogg to chat 1173474906
2026-01-13 17:45:24: [progress] 99.9% 9.5MB/9.5MB
2026-01-13 17:45:24: [progress] 100% 9.5MB/9.5MB
2026-01-13 17:45:24: [process close] 0
2026-01-14 09:51:16: [bot] preflight for https://t.me/c/1773081661/4733
2026-01-14 09:51:16: [spawn] python downloader.py --link https://t.me/c/1773081661/4733 --outdir /home/nisch/Desktop/Satsangfetcher/downloads --preflight
2026-01-14 09:51:18: [bot] starting download for https://t.me/c/1773081661/4733
2026-01-14 09:51:18: [spawn] python downloader.py --link https://t.me/c/1773081661/4733 --outdir /home/nisch/Desktop/Satsangfetcher/downloads
2026-01-14 09:51:20: [progress] 5.8% 0.5MB/8.7MB
2026-01-14 09:51:20: [progress] 17.3% 1.5MB/8.7MB
2026-01-14 09:51:21: [progress] 28.8% 2.5MB/8.7MB
2026-01-14 09:51:21: [progress] 40.3% 3.5MB/8.7MB
2026-01-14 09:51:22: [progress] 51.8% 4.5MB/8.7MB
2026-01-14 09:51:23: [progress] 63.3% 5.5MB/8.7MB
2026-01-14 09:51:23: [progress] 74.8% 6.5MB/8.7MB
2026-01-14 09:51:24: [progress] 86.4% 7.5MB/8.7MB
2026-01-14 09:51:25: [done] path: /home/nisch/Desktop/Satsangfetcher/downloads/Brahma naa sange/record.ogg size: 9107245
2026-01-14 09:51:25: [upload] sending record.ogg to chat 1173474906
2026-01-14 09:51:25: [progress] 97.9% 8.5MB/8.7MB
2026-01-14 09:51:25: [progress] 100% 8.7MB/8.7MB
2026-01-14 09:51:25: [process close] 0
2026-01-16 21:17:30: [bot] preflight for https://t.me/c/1773081661/4737
2026-01-16 21:17:30: [spawn] python downloader.py --link https://t.me/c/1773081661/4737 --outdir /home/nisch/Desktop/Satsangfetcher/downloads --preflight
2026-01-16 21:17:33: [bot] starting download for https://t.me/c/1773081661/4737
2026-01-16 21:17:33: [spawn] python downloader.py --link https://t.me/c/1773081661/4737 --outdir /home/nisch/Desktop/Satsangfetcher/downloads
2026-01-16 21:17:35: [progress] 5.2% 0.5MB/9.6MB
2026-01-16 21:17:35: [progress] 15.6% 1.5MB/9.6MB
2026-01-16 21:17:36: [progress] 25.9% 2.5MB/9.6MB
2026-01-16 21:17:36: [progress] 36.3% 3.5MB/9.6MB
2026-01-16 21:17:37: [progress] 46.7% 4.5MB/9.6MB
2026-01-16 21:17:38: [progress] 57% 5.5MB/9.6MB
2026-01-16 21:17:38: [bot] preflight for https://t.me/c/1773081661/4742
2026-01-16 21:17:38: [spawn] python downloader.py --link https://t.me/c/1773081661/4742 --outdir /home/nisch/Desktop/Satsangfetcher/downloads --preflight
2026-01-16 21:17:38: [progress] 67.4% 6.5MB/9.6MB
2026-01-16 21:17:39: [progress] 77.8% 7.5MB/9.6MB
2026-01-16 21:17:39: [progress] 88.1% 8.5MB/9.6MB
2026-01-16 21:17:40: [done] path: /home/nisch/Desktop/Satsangfetcher/downloads/Brahma naa sange/record.ogg size: 10112728
2026-01-16 21:17:40: [upload] sending record.ogg to chat 1173474906
2026-01-16 21:17:40: [progress] 98.5% 9.5MB/9.6MB
2026-01-16 21:17:40: [progress] 100% 9.6MB/9.6MB
2026-01-16 21:17:40: [process close] 0
2026-01-16 21:17:43: [bot] starting download for https://t.me/c/1773081661/4742
2026-01-16 21:17:43: [spawn] python downloader.py --link https://t.me/c/1773081661/4742 --outdir /home/nisch/Desktop/Satsangfetcher/downloads
2026-01-16 21:17:45: [progress] 5.9% 0.5MB/8.5MB
2026-01-16 21:17:45: [progress] 17.7% 1.5MB/8.5MB
2026-01-16 21:17:46: [progress] 29.5% 2.5MB/8.5MB
2026-01-16 21:17:46: [progress] 41.3% 3.5MB/8.5MB
2026-01-16 21:17:47: [progress] 53.1% 4.5MB/8.5MB
2026-01-16 21:17:48: [progress] 64.9% 5.5MB/8.5MB
2026-01-16 21:17:48: [progress] 76.7% 6.5MB/8.5MB
2026-01-16 21:17:49: [progress] 88.5% 7.5MB/8.5MB
2026-01-16 21:17:49: [done] path: /home/nisch/Desktop/Satsangfetcher/downloads/Brahma naa sange/record.ogg size: 8881380
2026-01-16 21:17:49: [upload] sending record.ogg to chat 1173474906
2026-01-16 21:17:50: [progress] 100% 8.5MB/8.5MB
2026-01-16 21:17:50: [process close] 0
2026-01-17 11:48:23: [bot] preflight for https://t.me/c/1773081661/4750
2026-01-17 11:48:23: [spawn] python downloader.py --link https://t.me/c/1773081661/4750 --outdir /home/nisch/Desktop/Satsangfetcher/downloads --preflight
2026-01-17 11:48:25: [bot] starting download for https://t.me/c/1773081661/4750
2026-01-17 11:48:25: [spawn] python downloader.py --link https://t.me/c/1773081661/4750 --outdir /home/nisch/Desktop/Satsangfetcher/downloads
2026-01-17 11:48:27: [progress] 4.9% 0.5MB/10.1MB
2026-01-17 11:48:27: [progress] 19.8% 2.0MB/10.1MB
2026-01-17 11:48:29: [progress] 34.6% 3.5MB/10.1MB
2026-01-17 11:48:30: [progress] 49.4% 5.0MB/10.1MB
2026-01-17 11:48:31: [progress] 64.2% 6.5MB/10.1MB
2026-01-17 11:48:32: [progress] 79% 8.0MB/10.1MB
2026-01-17 11:48:33: [progress] 93.9% 9.5MB/10.1MB
2026-01-17 11:48:33: [done] path: /home/nisch/Desktop/Satsangfetcher/downloads/Brahma naa sange/record.ogg size: 10613462
2026-01-17 11:48:33: [upload] sending record.ogg to chat 1173474906
2026-01-17 11:48:33: [progress] 100% 10.1MB/10.1MB
2026-01-17 11:48:33: [process close] 0
2026-01-19 22:44:19: [bot] preflight for https://t.me/c/1773081661/4758
2026-01-19 22:44:19: [spawn] python downloader.py --link https://t.me/c/1773081661/4758 --outdir /home/nisch/Desktop/Satsangfetcher/downloads --preflight
2026-01-19 22:44:21: [bot] starting download for https://t.me/c/1773081661/4758
2026-01-19 22:44:21: [spawn] python downloader.py --link https://t.me/c/1773081661/4758 --outdir /home/nisch/Desktop/Satsangfetcher/downloads
2026-01-19 22:44:23: [progress] 3.2% 0.5MB/15.4MB
2026-01-19 22:44:26: [progress] 16.2% 2.5MB/15.4MB
2026-01-19 22:44:29: [progress] 29.2% 4.5MB/15.4MB
2026-01-19 22:44:31: [progress] 42.2% 6.5MB/15.4MB
2026-01-19 22:44:33: [progress] 55.2% 8.5MB/15.4MB
2026-01-19 22:44:36: [progress] 68.2% 10.5MB/15.4MB
2026-01-19 22:44:40: [progress] 81.2% 12.5MB/15.4MB
2026-01-19 22:44:42: [progress] 94.2% 14.5MB/15.4MB
2026-01-19 22:44:42: [done] path: /home/nisch/Desktop/Satsangfetcher/downloads/Brahma naa sange/Pujya Uttamyogi Swami.m4a size: 16133490
2026-01-19 22:44:42: [upload] sending Pujya Uttamyogi Swami.m4a to chat 1173474906
2026-01-19 22:44:43: [process close] 0
2026-01-19 22:44:43: [progress] 100% 15.4MB/15.4MB
2026-01-20 21:57:47: [bot] preflight for https://t.me/c/1773081661/4763
2026-01-20 21:57:48: [spawn] python downloader.py --link https://t.me/c/1773081661/4763 --outdir /home/nisch/Desktop/Satsangfetcher/downloads --preflight
2026-01-20 21:57:50: [bot] starting download for https://t.me/c/1773081661/4763
2026-01-20 21:57:50: [spawn] python downloader.py --link https://t.me/c/1773081661/4763 --outdir /home/nisch/Desktop/Satsangfetcher/downloads
2026-01-20 21:57:52: [progress] 5.1% 0.5MB/9.8MB
2026-01-20 21:57:52: [progress] 15.3% 1.5MB/9.8MB
2026-01-20 21:57:53: [progress] 25.5% 2.5MB/9.8MB
2026-01-20 21:57:54: [progress] 35.7% 3.5MB/9.8MB
2026-01-20 21:57:55: [progress] 45.8% 4.5MB/9.8MB
2026-01-20 21:57:55: [progress] 56% 5.5MB/9.8MB
2026-01-20 21:57:56: [progress] 66.2% 6.5MB/9.8MB
2026-01-20 21:57:57: [progress] 76.4% 7.5MB/9.8MB
2026-01-20 21:57:57: [progress] 86.6% 8.5MB/9.8MB
2026-01-20 21:57:58: [done] path: /home/nisch/Desktop/Satsangfetcher/downloads/Brahma naa sange/record.ogg size: 10293524
2026-01-20 21:57:58: [upload] sending record.ogg to chat 1173474906
2026-01-20 21:57:58: [progress] 96.8% 9.5MB/9.8MB
2026-01-20 21:57:58: [progress] 100% 9.8MB/9.8MB
2026-01-20 21:57:58: [process close] 0
2026-01-21 16:54:28: [bot] preflight for https://t.me/c/1773081661/4769
2026-01-21 16:54:29: [spawn] python downloader.py --link https://t.me/c/1773081661/4769 --outdir /home/nisch/Desktop/Satsangfetcher/downloads --preflight
2026-01-21 16:54:31: [bot] starting download for https://t.me/c/1773081661/4769
2026-01-21 16:54:31: [spawn] python downloader.py --link https://t.me/c/1773081661/4769 --outdir /home/nisch/Desktop/Satsangfetcher/downloads
2026-01-21 16:54:34: [progress] 5.2% 0.5MB/9.7MB
2026-01-21 16:54:34: [progress] 15.5% 1.5MB/9.7MB
2026-01-21 16:54:35: [progress] 25.8% 2.5MB/9.7MB
2026-01-21 16:54:36: [progress] 36.1% 3.5MB/9.7MB
2026-01-21 16:54:36: [progress] 46.4% 4.5MB/9.7MB
2026-01-21 16:54:37: [progress] 56.8% 5.5MB/9.7MB
2026-01-21 16:54:38: [progress] 67.1% 6.5MB/9.7MB
2026-01-21 16:54:38: [progress] 77.4% 7.5MB/9.7MB
2026-01-21 16:54:39: [progress] 87.7% 8.5MB/9.7MB
2026-01-21 16:54:40: [done] path: /home/nisch/Desktop/Satsangfetcher/downloads/Brahma naa sange/record.ogg size: 10161284
2026-01-21 16:54:40: [upload] sending record.ogg to chat 1173474906
2026-01-21 16:54:40: [progress] 98% 9.5MB/9.7MB
2026-01-21 16:54:40: [progress] 100% 9.7MB/9.7MB
2026-01-21 16:54:40: [process close] 0
2026-01-21 20:30:26: Bot polling started
